---[Mon Sep 10 14:41:01 PDT 2012]---
---[Mon Sep 10 14:41:11 PDT 2012]---
---[Mon Sep 10 14:41:13 PDT 2012]---
---[Mon Sep 10 14:41:13 PDT 2012]---
Building App...
> Created deploy/App.html
Deploying to Rally...
* Server:   http://trial.rallydev.com
* Username: dthomas@rallydev.com
* Project:  Team Plugh
> Uploaded code to 'RallyTimer' page
> Created App-local.html
* Local Test File: App-local.html
* Remote Test URL:http://trial.rallydev.com/#/4267883534/custom/7828312177
Finished!
---[Mon Sep 10 14:46:28 PDT 2012]---
Building App...
> Created deploy/App.html
Deploying to Rally...
* Server:   http://trial.rallydev.com
* Username: dthomas@rallydev.com
* Project:  Team Plugh
> Uploaded code to 'RallyTimer' page
> Created App-local.html
* Local Test File: App-local.html
* Remote Test URL:http://trial.rallydev.com/#/4267883534/custom/7828312177
Finished!
---[Mon Sep 10 14:50:41 PDT 2012]---
Building App...
> Created deploy/App.html
Deploying to Rally...
* Server:   http://trial.rallydev.com
* Username: dthomas@rallydev.com
* Project:  Team Plugh
> Created 'MyHome > RallyTimer'page
> Uploaded code to 'RallyTimer' page
> Created App-local.html
* Local Test File: App-local.html
* Remote Test URL:http://trial.rallydev.com/#/4267883534/custom/7829384272
Finished!
---[Mon Sep 10 14:51:38 PDT 2012]---
---[Mon Sep 10 14:52:51 PDT 2012]---
---[Mon Sep 10 14:53:14 PDT 2012]---
---[Mon Sep 10 16:53:38 PDT 2012]---
---[Mon Sep 10 16:53:39 PDT 2012]---
Building App...
> Created deploy/App.html
Deploying to Rally...
* Server:   http://trial.rallydev.com
* Username: dthomas@rallydev.com
* Project:  Team Plugh
> Uploaded code to 'RallyTimer' page
> Created App-local.html
* Local Test File: App-local.html
* Remote Test URL:http://trial.rallydev.com/#/4267883534/custom/7829384272
Finished!
---[Mon Sep 10 16:59:37 PDT 2012]---
---[Mon Sep 10 16:59:38 PDT 2012]---
Building App...
> Created deploy/App.html
Deploying to Rally...
* Server:   http://trial.rallydev.com
* Username: dthomas@rallydev.com
* Project:  Team Plugh
> Uploaded code to 'RallyTimer' page
> Created App-local.html
* Local Test File: App-local.html
* Remote Test URL:http://trial.rallydev.com/#/4267883534/custom/7829384272
Finished!
---[Mon Sep 10 17:00:00 PDT 2012]---
---[Mon Sep 10 17:01:44 PDT 2012]---
Building App...
> Created deploy/App.html
Deploying to Rally...
* Server:   http://trial.rallydev.com
* Username: dthomas@rallydev.com
* Project:  Team Plugh
> Uploaded code to 'RallyTimer' page
> Created App-local.html
* Local Test File: App-local.html
* Remote Test URL:http://trial.rallydev.com/#/4267883534/custom/7829384272
Finished!
---[Mon Sep 10 17:02:26 PDT 2012]---
---[Mon Sep 10 17:02:30 PDT 2012]---
---[Mon Sep 10 17:02:37 PDT 2012]---
Building App...
> Created deploy/App.html
Deploying to Rally...
* Server:   http://trial.rallydev.com
* Username: dthomas@rallydev.com
* Project:  Team Plugh
> Uploaded code to 'RallyTimer' page
> Created App-local.html
* Local Test File: App-local.html
* Remote Test URL:http://trial.rallydev.com/#/4267883534/custom/7829384272
Finished!
---[Mon Sep 10 17:03:24 PDT 2012]---
---[Mon Sep 10 17:10:23 PDT 2012]---
---[Mon Sep 10 17:10:24 PDT 2012]---
---[Mon Sep 10 17:10:30 PDT 2012]---
---[Mon Sep 10 17:10:32 PDT 2012]---
---[Mon Sep 10 17:11:11 PDT 2012]---
---[Mon Sep 10 17:11:12 PDT 2012]---
Building App...
> Created deploy/App.html
Deploying to Rally...
* Server:   http://trial.rallydev.com
* Username: dthomas@rallydev.com
* Project:  Team Plugh
> Uploaded code to 'RallyTimer' page
> Created App-local.html
* Local Test File: App-local.html
* Remote Test URL:http://trial.rallydev.com/#/4267883534/custom/7829384272
Finished!
---[Mon Sep 10 17:13:35 PDT 2012]---
---[Mon Sep 10 17:13:36 PDT 2012]---
Building App...
> Created deploy/App.html
Deploying to Rally...
* Server:   http://trial.rallydev.com
* Username: dthomas@rallydev.com
* Project:  Team Plugh
> Uploaded code to 'RallyTimer' page
> Created App-local.html
* Local Test File: App-local.html
* Remote Test URL:http://trial.rallydev.com/#/4267883534/custom/7829384272
Finished!
---[Mon Sep 10 17:14:07 PDT 2012]---
---[Mon Sep 10 17:14:08 PDT 2012]---
Building App...
> Created deploy/App.html
Deploying to Rally...
* Server:   http://trial.rallydev.com
* Username: dthomas@rallydev.com
* Project:  Team Plugh
> Uploaded code to 'RallyTimer' page
> Created App-local.html
* Local Test File: App-local.html
* Remote Test URL:http://trial.rallydev.com/#/4267883534/custom/7829384272
Finished!
---[Mon Sep 10 17:15:27 PDT 2012]---
---[Mon Sep 10 17:15:28 PDT 2012]---
Building App...
> Created deploy/App.html
Deploying to Rally...
* Server:   http://trial.rallydev.com
* Username: dthomas@rallydev.com
* Project:  Team Plugh
> Uploaded code to 'RallyTimer' page
> Created App-local.html
* Local Test File: App-local.html
* Remote Test URL:http://trial.rallydev.com/#/4267883534/custom/7829384272
Finished!
---[Mon Sep 10 17:16:11 PDT 2012]---
---[Mon Sep 10 17:16:16 PDT 2012]---
---[Mon Sep 10 17:16:17 PDT 2012]---
Building App...
> Created deploy/App.html
Deploying to Rally...
* Server:   http://trial.rallydev.com
* Username: dthomas@rallydev.com
* Project:  Team Plugh
> Uploaded code to 'RallyTimer' page
> Created App-local.html
* Local Test File: App-local.html
* Remote Test URL:http://trial.rallydev.com/#/4267883534/custom/7829384272
Finished!
---[Mon Sep 10 17:16:52 PDT 2012]---
---[Mon Sep 10 17:17:06 PDT 2012]---
---[Mon Sep 10 17:17:07 PDT 2012]---
Building App...
> Created deploy/App.html
Deploying to Rally...
* Server:   http://trial.rallydev.com
* Username: dthomas@rallydev.com
* Project:  Team Plugh
> Uploaded code to 'RallyTimer' page
> Created App-local.html
* Local Test File: App-local.html
* Remote Test URL:http://trial.rallydev.com/#/4267883534/custom/7829384272
Finished!
---[Mon Sep 10 17:17:37 PDT 2012]---
---[Mon Sep 10 17:17:37 PDT 2012]---
Building App...
> Created deploy/App.html
Deploying to Rally...
* Server:   http://trial.rallydev.com
* Username: dthomas@rallydev.com
* Project:  Team Plugh
> Uploaded code to 'RallyTimer' page
> Created App-local.html
* Local Test File: App-local.html
* Remote Test URL:http://trial.rallydev.com/#/4267883534/custom/7829384272
Finished!
---[Mon Sep 10 17:17:42 PDT 2012]---
---[Mon Sep 10 17:17:42 PDT 2012]---
Building App...
> Created deploy/App.html
Deploying to Rally...
* Server:   http://trial.rallydev.com
* Username: dthomas@rallydev.com
* Project:  Team Plugh
> Uploaded code to 'RallyTimer' page
> Created App-local.html
* Local Test File: App-local.html
* Remote Test URL:http://trial.rallydev.com/#/4267883534/custom/7829384272
Finished!
---[Mon Sep 10 17:18:11 PDT 2012]---
---[Mon Sep 10 17:18:12 PDT 2012]---
Building App...
> Created deploy/App.html
Deploying to Rally...
* Server:   http://trial.rallydev.com
* Username: dthomas@rallydev.com
* Project:  Team Plugh
> Uploaded code to 'RallyTimer' page
> Created App-local.html
* Local Test File: App-local.html
* Remote Test URL:http://trial.rallydev.com/#/4267883534/custom/7829384272
Finished!
---[Mon Sep 10 17:18:47 PDT 2012]---
---[Mon Sep 10 17:18:54 PDT 2012]---
Building App...
> Created deploy/App.html
Deploying to Rally...
* Server:   http://trial.rallydev.com
* Username: dthomas@rallydev.com
* Project:  Team Plugh
> Uploaded code to 'RallyTimer' page
> Created App-local.html
* Local Test File: App-local.html
* Remote Test URL:http://trial.rallydev.com/#/4267883534/custom/7829384272
Finished!
---[Mon Sep 10 17:20:32 PDT 2012]---
---[Mon Sep 10 17:20:33 PDT 2012]---
Building App...
> Created deploy/App.html
Deploying to Rally...
* Server:   http://trial.rallydev.com
* Username: dthomas@rallydev.com
* Project:  Team Plugh
> Uploaded code to 'RallyTimer' page
> Created App-local.html
* Local Test File: App-local.html
* Remote Test URL:http://trial.rallydev.com/#/4267883534/custom/7829384272
Finished!
---[Mon Sep 10 17:21:30 PDT 2012]---
---[Mon Sep 10 17:21:31 PDT 2012]---
Building App...
> Created deploy/App.html
Deploying to Rally...
* Server:   http://trial.rallydev.com
* Username: dthomas@rallydev.com
* Project:  Team Plugh
> Created 'MyHome > RallyTimer'page
> Uploaded code to 'RallyTimer' page
> Created App-local.html
* Local Test File: App-local.html
* Remote Test URL:http://trial.rallydev.com/#/4267883534/custom/7831232507
Finished!
---[Mon Sep 10 17:22:08 PDT 2012]---
---[Mon Sep 10 17:22:08 PDT 2012]---
Building App...
> Created deploy/App.html
Deploying to Rally...
* Server:   http://trial.rallydev.com
* Username: dthomas@rallydev.com
* Project:  Team Plugh
> Uploaded code to 'RallyTimer' page
> Created App-local.html
* Local Test File: App-local.html
* Remote Test URL:http://trial.rallydev.com/#/4267883534/custom/7831232507
Finished!
---[Mon Sep 10 17:22:24 PDT 2012]---
---[Mon Sep 10 17:22:24 PDT 2012]---
Building App...
> Created deploy/App.html
Deploying to Rally...
* Server:   http://trial.rallydev.com
* Username: dthomas@rallydev.com
* Project:  Team Plugh
> Uploaded code to 'RallyTimer' page
> Created App-local.html
* Local Test File: App-local.html
* Remote Test URL:http://trial.rallydev.com/#/4267883534/custom/7831232507
Finished!
---[Mon Sep 10 17:23:10 PDT 2012]---
---[Mon Sep 10 17:23:11 PDT 2012]---
Building App...
> Created deploy/App.html
Deploying to Rally...
* Server:   http://trial.rallydev.com
* Username: dthomas@rallydev.com
* Project:  Team Plugh
> Uploaded code to 'RallyTimer' page
> Created App-local.html
* Local Test File: App-local.html
* Remote Test URL:http://trial.rallydev.com/#/4267883534/custom/7831232507
Finished!
---[Mon Sep 10 17:23:21 PDT 2012]---
---[Mon Sep 10 17:23:30 PDT 2012]---
---[Mon Sep 10 17:23:30 PDT 2012]---
Building App...
> Created deploy/App.html
Deploying to Rally...
* Server:   http://trial.rallydev.com
* Username: dthomas@rallydev.com
* Project:  Team Plugh
> Uploaded code to 'RallyTimer' page
> Created App-local.html
* Local Test File: App-local.html
* Remote Test URL:http://trial.rallydev.com/#/4267883534/custom/7831232507
Finished!
---[Mon Sep 10 17:23:58 PDT 2012]---
---[Mon Sep 10 17:23:59 PDT 2012]---
Building App...
> Created deploy/App.html
Deploying to Rally...
* Server:   http://trial.rallydev.com
* Username: dthomas@rallydev.com
* Project:  Team Plugh
> Uploaded code to 'RallyTimer' page
> Created App-local.html
* Local Test File: App-local.html
* Remote Test URL:http://trial.rallydev.com/#/4267883534/custom/7831232507
Finished!
---[Mon Sep 10 17:25:14 PDT 2012]---
---[Mon Sep 10 17:25:15 PDT 2012]---
Building App...
> Created deploy/App.html
Deploying to Rally...
* Server:   http://trial.rallydev.com
* Username: dthomas@rallydev.com
* Project:  Team Plugh
> Uploaded code to 'RallyTimer' page
> Created App-local.html
* Local Test File: App-local.html
* Remote Test URL:http://trial.rallydev.com/#/4267883534/custom/7831232507
Finished!
---[Mon Sep 10 17:25:52 PDT 2012]---
---[Mon Sep 10 20:59:38 PDT 2012]---
---[Mon Sep 10 21:00:09 PDT 2012]---
---[Mon Sep 10 21:00:12 PDT 2012]---
---[Mon Sep 10 21:00:17 PDT 2012]---
Building App...
> Created deploy/App.html
Deploying to Rally...
* Server:   http://trial.rallydev.com
* Username: dthomas@rallydev.com
* Project:  Team Plugh
> Uploaded code to 'RallyTimer' page
> Created App-local.html
* Local Test File: App-local.html
* Remote Test URL:http://trial.rallydev.com/#/4267883534/custom/7831232507
Finished!
---[Mon Sep 10 21:00:52 PDT 2012]---
Building App...
> Created deploy/App.html
Deploying to Rally...
* Server:   http://trial.rallydev.com
* Username: dthomas@rallydev.com
* Project:  Team Plugh
> Uploaded code to 'RallyTimer' page
> Created App-local.html
* Local Test File: App-local.html
* Remote Test URL:http://trial.rallydev.com/#/4267883534/custom/7831232507
Finished!
---[Mon Sep 10 21:01:16 PDT 2012]---
---[Mon Sep 10 21:01:25 PDT 2012]---
---[Mon Sep 10 21:01:30 PDT 2012]---
---[Mon Sep 10 21:01:31 PDT 2012]---
Building App...
> Created deploy/App.html
Deploying to Rally...
* Server:   http://trial.rallydev.com
* Username: dthomas@rallydev.com
* Project:  Team Plugh
> Uploaded code to 'RallyTimer' page
> Created App-local.html
* Local Test File: App-local.html
* Remote Test URL:http://trial.rallydev.com/#/4267883534/custom/7831232507
Finished!
---[Mon Sep 10 21:02:29 PDT 2012]---
---[Mon Sep 10 21:03:00 PDT 2012]---
---[Mon Sep 10 21:03:00 PDT 2012]---
Building App...
> Created deploy/App.html
Deploying to Rally...
* Server:   http://trial.rallydev.com
* Username: dthomas@rallydev.com
* Project:  Team Plugh
> Uploaded code to 'RallyTimer' page
> Created App-local.html
* Local Test File: App-local.html
* Remote Test URL:http://trial.rallydev.com/#/4267883534/custom/7831232507
Finished!
---[Mon Sep 10 21:03:05 PDT 2012]---
---[Mon Sep 10 21:03:39 PDT 2012]---
---[Mon Sep 10 21:03:40 PDT 2012]---
Building App...
> Created deploy/App.html
Deploying to Rally...
* Server:   http://trial.rallydev.com
* Username: dthomas@rallydev.com
* Project:  Team Plugh
> Uploaded code to 'RallyTimer' page
> Created App-local.html
* Local Test File: App-local.html
* Remote Test URL:http://trial.rallydev.com/#/4267883534/custom/7831232507
Finished!
---[Mon Sep 10 21:04:04 PDT 2012]---
---[Mon Sep 10 21:04:04 PDT 2012]---
Building App...
> Created deploy/App.html
Deploying to Rally...
* Server:   http://trial.rallydev.com
* Username: dthomas@rallydev.com
* Project:  Team Plugh
> Uploaded code to 'RallyTimer' page
> Created App-local.html
* Local Test File: App-local.html
* Remote Test URL:http://trial.rallydev.com/#/4267883534/custom/7831232507
Finished!
---[Mon Sep 10 21:04:34 PDT 2012]---
---[Mon Sep 10 21:04:35 PDT 2012]---
Building App...
> Created deploy/App.html
Deploying to Rally...
* Server:   http://trial.rallydev.com
* Username: dthomas@rallydev.com
* Project:  Team Plugh
> Uploaded code to 'RallyTimer' page
> Created App-local.html
* Local Test File: App-local.html
* Remote Test URL:http://trial.rallydev.com/#/4267883534/custom/7831232507
Finished!
---[Mon Sep 10 21:05:01 PDT 2012]---
---[Mon Sep 10 21:05:01 PDT 2012]---
Building App...
> Created deploy/App.html
Deploying to Rally...
* Server:   http://trial.rallydev.com
* Username: dthomas@rallydev.com
* Project:  Team Plugh
> Uploaded code to 'RallyTimer' page
> Created App-local.html
* Local Test File: App-local.html
* Remote Test URL:http://trial.rallydev.com/#/4267883534/custom/7831232507
Finished!
---[Mon Sep 10 21:05:58 PDT 2012]---
---[Mon Sep 10 21:06:38 PDT 2012]---
---[Mon Sep 10 21:06:51 PDT 2012]---
---[Mon Sep 10 21:06:51 PDT 2012]---
Building App...
> Created deploy/App.html
Deploying to Rally...
* Server:   http://trial.rallydev.com
* Username: dthomas@rallydev.com
* Project:  Team Plugh
> Uploaded code to 'RallyTimer' page
> Created App-local.html
* Local Test File: App-local.html
* Remote Test URL:http://trial.rallydev.com/#/4267883534/custom/7831232507
Finished!
---[Mon Sep 10 21:12:18 PDT 2012]---
---[Mon Sep 10 21:12:33 PDT 2012]---
---[Mon Sep 10 21:12:33 PDT 2012]---
Building App...
> Created deploy/App.html
Deploying to Rally...
* Server:   http://trial.rallydev.com
* Username: dthomas@rallydev.com
* Project:  Team Plugh
> Uploaded code to 'RallyTimer' page
> Created App-local.html
* Local Test File: App-local.html
* Remote Test URL:http://trial.rallydev.com/#/4267883534/custom/7831232507
Finished!
---[Mon Sep 10 21:14:50 PDT 2012]---
---[Mon Sep 10 21:17:34 PDT 2012]---
---[Mon Sep 10 21:17:34 PDT 2012]---
Building App...
> Created deploy/App.html
Deploying to Rally...
* Server:   http://trial.rallydev.com
* Username: dthomas@rallydev.com
* Project:  Team Plugh
> Uploaded code to 'RallyTimer' page
> Created App-local.html
* Local Test File: App-local.html
* Remote Test URL:http://trial.rallydev.com/#/4267883534/custom/7831232507
Finished!
---[Mon Sep 10 21:18:21 PDT 2012]---
---[Mon Sep 10 21:18:21 PDT 2012]---
Building App...
> Created deploy/App.html
Deploying to Rally...
* Server:   http://trial.rallydev.com
* Username: dthomas@rallydev.com
* Project:  Team Plugh
> Uploaded code to 'RallyTimer' page
> Created App-local.html
* Local Test File: App-local.html
* Remote Test URL:http://trial.rallydev.com/#/4267883534/custom/7831232507
Finished!
---[Mon Sep 10 21:21:27 PDT 2012]---
---[Mon Sep 10 21:21:27 PDT 2012]---
Building App...
> Created deploy/App.html
Deploying to Rally...
* Server:   http://trial.rallydev.com
* Username: dthomas@rallydev.com
* Project:  Team Plugh
> Uploaded code to 'RallyTimer' page
> Created App-local.html
* Local Test File: App-local.html
* Remote Test URL:http://trial.rallydev.com/#/4267883534/custom/7831232507
Finished!
---[Mon Sep 10 21:21:59 PDT 2012]---
---[Mon Sep 10 21:22:26 PDT 2012]---
---[Mon Sep 10 21:22:26 PDT 2012]---
Building App...
> Created deploy/App.html
Deploying to Rally...
* Server:   http://trial.rallydev.com
* Username: dthomas@rallydev.com
* Project:  Team Plugh
> Uploaded code to 'RallyTimer' page
> Created App-local.html
* Local Test File: App-local.html
* Remote Test URL:http://trial.rallydev.com/#/4267883534/custom/7831232507
Finished!
---[Mon Sep 10 21:22:35 PDT 2012]---
---[Mon Sep 10 21:22:36 PDT 2012]---
Building App...
> Created deploy/App.html
Deploying to Rally...
* Server:   http://trial.rallydev.com
* Username: dthomas@rallydev.com
* Project:  Team Plugh
> Uploaded code to 'RallyTimer' page
> Created App-local.html
* Local Test File: App-local.html
* Remote Test URL:http://trial.rallydev.com/#/4267883534/custom/7831232507
Finished!
---[Mon Sep 10 21:23:39 PDT 2012]---
---[Mon Sep 10 21:23:39 PDT 2012]---
Building App...
> Created deploy/App.html
Deploying to Rally...
* Server:   http://trial.rallydev.com
* Username: dthomas@rallydev.com
* Project:  Team Plugh
> Uploaded code to 'RallyTimer' page
> Created App-local.html
* Local Test File: App-local.html
* Remote Test URL:http://trial.rallydev.com/#/4267883534/custom/7831232507
Finished!
---[Mon Sep 10 21:24:35 PDT 2012]---
---[Mon Sep 10 21:24:35 PDT 2012]---
Building App...
> Created deploy/App.html
Deploying to Rally...
* Server:   http://trial.rallydev.com
* Username: dthomas@rallydev.com
* Project:  Team Plugh
> Uploaded code to 'RallyTimer' page
> Created App-local.html
* Local Test File: App-local.html
* Remote Test URL:http://trial.rallydev.com/#/4267883534/custom/7831232507
Finished!
---[Mon Sep 10 21:29:55 PDT 2012]---
---[Mon Sep 10 21:30:56 PDT 2012]---
---[Mon Sep 10 21:32:04 PDT 2012]---
---[Mon Sep 10 21:32:04 PDT 2012]---
Building App...
> Created deploy/App.html
Deploying to Rally...
* Server:   http://trial.rallydev.com
* Username: dthomas@rallydev.com
* Project:  Team Plugh
> Uploaded code to 'RallyTimer' page
> Created App-local.html
* Local Test File: App-local.html
* Remote Test URL:http://trial.rallydev.com/#/4267883534/custom/7831232507
Finished!
---[Mon Sep 10 21:32:13 PDT 2012]---
---[Mon Sep 10 21:32:30 PDT 2012]---
---[Mon Sep 10 21:32:30 PDT 2012]---
Building App...
> Created deploy/App.html
Deploying to Rally...
* Server:   http://trial.rallydev.com
* Username: dthomas@rallydev.com
* Project:  Team Plugh
> Uploaded code to 'RallyTimer' page
> Created App-local.html
* Local Test File: App-local.html
* Remote Test URL:http://trial.rallydev.com/#/4267883534/custom/7831232507
Finished!
---[Mon Sep 10 21:33:07 PDT 2012]---
---[Mon Sep 10 21:33:14 PDT 2012]---
---[Mon Sep 10 21:33:15 PDT 2012]---
Building App...
> Created deploy/App.html
Deploying to Rally...
* Server:   http://trial.rallydev.com
* Username: dthomas@rallydev.com
* Project:  Team Plugh
> Uploaded code to 'RallyTimer' page
> Created App-local.html
* Local Test File: App-local.html
* Remote Test URL:http://trial.rallydev.com/#/4267883534/custom/7831232507
Finished!
---[Mon Sep 10 21:33:59 PDT 2012]---
---[Mon Sep 10 21:33:59 PDT 2012]---
Building App...
> Created deploy/App.html
Deploying to Rally...
* Server:   http://trial.rallydev.com
* Username: dthomas@rallydev.com
* Project:  Team Plugh
> Uploaded code to 'RallyTimer' page
> Created App-local.html
* Local Test File: App-local.html
* Remote Test URL:http://trial.rallydev.com/#/4267883534/custom/7831232507
Finished!
---[Mon Sep 10 21:42:18 PDT 2012]---
---[Mon Sep 10 21:42:18 PDT 2012]---
Building App...
> Created deploy/App.html
Deploying to Rally...
* Server:   http://trial.rallydev.com
* Username: dthomas@rallydev.com
* Project:  Team Plugh
> Uploaded code to 'RallyTimer' page
> Created App-local.html
* Local Test File: App-local.html
* Remote Test URL:http://trial.rallydev.com/#/4267883534/custom/7831232507
Finished!
---[Mon Sep 10 21:42:27 PDT 2012]---
---[Mon Sep 10 21:42:33 PDT 2012]---
Building App...
> Created deploy/App.html
Deploying to Rally...
* Server:   http://trial.rallydev.com
* Username: dthomas@rallydev.com
* Project:  Team Plugh
> Uploaded code to 'RallyTimer' page
> Created App-local.html
* Local Test File: App-local.html
* Remote Test URL:http://trial.rallydev.com/#/4267883534/custom/7831232507
Finished!
---[Mon Sep 10 21:43:09 PDT 2012]---
---[Mon Sep 10 21:43:11 PDT 2012]---
---[Mon Sep 10 21:43:11 PDT 2012]---
Building App...
> Created deploy/App.html
Deploying to Rally...
* Server:   http://trial.rallydev.com
* Username: dthomas@rallydev.com
* Project:  Team Plugh
> Uploaded code to 'RallyTimer' page
> Created App-local.html
* Local Test File: App-local.html
* Remote Test URL:http://trial.rallydev.com/#/4267883534/custom/7831232507
Finished!
---[Mon Sep 10 21:43:20 PDT 2012]---
---[Mon Sep 10 21:43:21 PDT 2012]---
Building App...
> Created deploy/App.html
Deploying to Rally...
* Server:   http://trial.rallydev.com
* Username: dthomas@rallydev.com
* Project:  Team Plugh
> Uploaded code to 'RallyTimer' page
> Created App-local.html
* Local Test File: App-local.html
* Remote Test URL:http://trial.rallydev.com/#/4267883534/custom/7831232507
Finished!
---[Mon Sep 10 21:48:26 PDT 2012]---
---[Mon Sep 10 21:50:58 PDT 2012]---
---[Mon Sep 10 21:51:05 PDT 2012]---
---[Mon Sep 10 21:51:13 PDT 2012]---
Building App...
> Created deploy/App.html
Deploying to Rally...
* Server:   http://trial.rallydev.com
* Username: dthomas@rallydev.com
* Project:  Team Plugh
> Uploaded code to 'RallyTimer' page
> Created App-local.html
* Local Test File: App-local.html
* Remote Test URL:http://trial.rallydev.com/#/4267883534/custom/7831232507
Finished!
---[Mon Sep 10 21:51:30 PDT 2012]---
Building App...
> Created deploy/App.html
Deploying to Rally...
* Server:   http://trial.rallydev.com
* Username: dthomas@rallydev.com
* Project:  Team Plugh
> Uploaded code to 'RallyTimer' page
> Created App-local.html
* Local Test File: App-local.html
* Remote Test URL:http://trial.rallydev.com/#/4267883534/custom/7831232507
Finished!
---[Mon Sep 10 21:51:40 PDT 2012]---
---[Mon Sep 10 21:53:11 PDT 2012]---
---[Mon Sep 10 21:53:25 PDT 2012]---
Building App...
> Created deploy/App.html
Deploying to Rally...
* Server:   http://trial.rallydev.com
* Username: dthomas@rallydev.com
* Project:  Team Plugh
> Uploaded code to 'RallyTimer' page
> Created App-local.html
* Local Test File: App-local.html
* Remote Test URL:http://trial.rallydev.com/#/4267883534/custom/7831232507
Finished!
---[Mon Sep 10 22:04:57 PDT 2012]---
---[Mon Sep 10 22:06:01 PDT 2012]---
---[Mon Sep 10 22:06:16 PDT 2012]---
---[Mon Sep 10 22:06:54 PDT 2012]---
---[Mon Sep 10 22:06:55 PDT 2012]---
Building App...
> Created deploy/App.html
Deploying to Rally...
* Server:   http://trial.rallydev.com
* Username: dthomas@rallydev.com
* Project:  Team Plugh
> Uploaded code to 'RallyTimer' page
> Created App-local.html
* Local Test File: App-local.html
* Remote Test URL:http://trial.rallydev.com/#/4267883534/custom/7831232507
Finished!
---[Mon Sep 10 22:08:19 PDT 2012]---
---[Mon Sep 10 22:08:20 PDT 2012]---
Building App...
> Created deploy/App.html
Deploying to Rally...
* Server:   http://trial.rallydev.com
* Username: dthomas@rallydev.com
* Project:  Team Plugh
> Uploaded code to 'RallyTimer' page
> Created App-local.html
* Local Test File: App-local.html
* Remote Test URL:http://trial.rallydev.com/#/4267883534/custom/7831232507
Finished!
---[Mon Sep 10 22:09:25 PDT 2012]---
---[Mon Sep 10 22:09:26 PDT 2012]---
Building App...
> Created deploy/App.html
Deploying to Rally...
* Server:   http://trial.rallydev.com
* Username: dthomas@rallydev.com
* Project:  Team Plugh
> Uploaded code to 'RallyTimer' page
> Created App-local.html
* Local Test File: App-local.html
* Remote Test URL:http://trial.rallydev.com/#/4267883534/custom/7831232507
Finished!
---[Mon Sep 10 22:10:10 PDT 2012]---
---[Mon Sep 10 22:10:10 PDT 2012]---
Building App...
> Created deploy/App.html
Deploying to Rally...
* Server:   http://trial.rallydev.com
* Username: dthomas@rallydev.com
* Project:  Team Plugh
> Uploaded code to 'RallyTimer' page
> Created App-local.html
* Local Test File: App-local.html
* Remote Test URL:http://trial.rallydev.com/#/4267883534/custom/7831232507
Finished!
---[Mon Sep 10 22:10:57 PDT 2012]---
---[Mon Sep 10 22:10:57 PDT 2012]---
Building App...
> Created deploy/App.html
Deploying to Rally...
* Server:   http://trial.rallydev.com
* Username: dthomas@rallydev.com
* Project:  Team Plugh
> Uploaded code to 'RallyTimer' page
> Created App-local.html
* Local Test File: App-local.html
* Remote Test URL:http://trial.rallydev.com/#/4267883534/custom/7831232507
Finished!
---[Mon Sep 10 22:11:41 PDT 2012]---
---[Mon Sep 10 22:11:42 PDT 2012]---
Building App...
> Created deploy/App.html
Deploying to Rally...
* Server:   http://trial.rallydev.com
* Username: dthomas@rallydev.com
* Project:  Team Plugh
> Uploaded code to 'RallyTimer' page
> Created App-local.html
* Local Test File: App-local.html
* Remote Test URL:http://trial.rallydev.com/#/4267883534/custom/7831232507
Finished!
---[Mon Sep 10 22:15:43 PDT 2012]---
---[Mon Sep 10 22:15:59 PDT 2012]---
---[Mon Sep 10 22:18:16 PDT 2012]---
---[Mon Sep 10 22:18:16 PDT 2012]---
Building App...
> Created deploy/App.html
Deploying to Rally...
* Server:   http://trial.rallydev.com
* Username: dthomas@rallydev.com
* Project:  Team Plugh
> Uploaded code to 'RallyTimer' page
> Created App-local.html
* Local Test File: App-local.html
* Remote Test URL:http://trial.rallydev.com/#/4267883534/custom/7831232507
Finished!
---[Mon Sep 10 22:18:32 PDT 2012]---
---[Mon Sep 10 22:18:33 PDT 2012]---
Building App...
> Created deploy/App.html
Deploying to Rally...
* Server:   http://trial.rallydev.com
* Username: dthomas@rallydev.com
* Project:  Team Plugh
> Uploaded code to 'RallyTimer' page
> Created App-local.html
* Local Test File: App-local.html
* Remote Test URL:http://trial.rallydev.com/#/4267883534/custom/7831232507
Finished!
---[Mon Sep 10 22:18:45 PDT 2012]---
---[Mon Sep 10 22:18:46 PDT 2012]---
Building App...
> Created deploy/App.html
Deploying to Rally...
* Server:   http://trial.rallydev.com
* Username: dthomas@rallydev.com
* Project:  Team Plugh
> Uploaded code to 'RallyTimer' page
> Created App-local.html
* Local Test File: App-local.html
* Remote Test URL:http://trial.rallydev.com/#/4267883534/custom/7831232507
Finished!
---[Mon Sep 10 22:20:03 PDT 2012]---
---[Mon Sep 10 22:21:21 PDT 2012]---
---[Mon Sep 10 22:25:29 PDT 2012]---
---[Mon Sep 10 22:25:45 PDT 2012]---
---[Mon Sep 10 22:25:45 PDT 2012]---
Building App...
> Created deploy/App.html
Deploying to Rally...
* Server:   http://trial.rallydev.com
* Username: dthomas@rallydev.com
* Project:  Team Plugh
> Uploaded code to 'RallyTimer' page
> Created App-local.html
* Local Test File: App-local.html
* Remote Test URL:http://trial.rallydev.com/#/4267883534/custom/7831232507
Finished!
---[Mon Sep 10 22:26:35 PDT 2012]---
---[Mon Sep 10 22:26:35 PDT 2012]---
Building App...
> Created deploy/App.html
Deploying to Rally...
* Server:   http://trial.rallydev.com
* Username: dthomas@rallydev.com
* Project:  Team Plugh
> Uploaded code to 'RallyTimer' page
> Created App-local.html
* Local Test File: App-local.html
* Remote Test URL:http://trial.rallydev.com/#/4267883534/custom/7831232507
Finished!
---[Mon Sep 10 22:28:27 PDT 2012]---
---[Mon Sep 10 22:28:36 PDT 2012]---
---[Mon Sep 10 22:28:36 PDT 2012]---
Building App...
> Created deploy/App.html
Deploying to Rally...
* Server:   http://trial.rallydev.com
* Username: dthomas@rallydev.com
* Project:  Team Plugh
> Uploaded code to 'RallyTimer' page
> Created App-local.html
* Local Test File: App-local.html
* Remote Test URL:http://trial.rallydev.com/#/4267883534/custom/7831232507
Finished!
---[Mon Sep 10 22:28:58 PDT 2012]---
Building App...
> Created deploy/App.html
Deploying to Rally...
* Server:   http://trial.rallydev.com
* Username: dthomas@rallydev.com
* Project:  Team Plugh
> Uploaded code to 'RallyTimer' page
> Created App-local.html
* Local Test File: App-local.html
* Remote Test URL:http://trial.rallydev.com/#/4267883534/custom/7831232507
Finished!
---[Mon Sep 10 22:29:30 PDT 2012]---
---[Mon Sep 10 22:29:30 PDT 2012]---
Building App...
> Created deploy/App.html
Deploying to Rally...
* Server:   http://trial.rallydev.com
* Username: dthomas@rallydev.com
* Project:  Team Plugh
> Uploaded code to 'RallyTimer' page
> Created App-local.html
* Local Test File: App-local.html
* Remote Test URL:http://trial.rallydev.com/#/4267883534/custom/7831232507
Finished!
---[Mon Sep 10 22:30:28 PDT 2012]---
---[Mon Sep 10 22:30:31 PDT 2012]---
---[Mon Sep 10 22:30:31 PDT 2012]---
Building App...
> Created deploy/App.html
Deploying to Rally...
* Server:   http://trial.rallydev.com
* Username: dthomas@rallydev.com
* Project:  Team Plugh
> Uploaded code to 'RallyTimer' page
> Created App-local.html
* Local Test File: App-local.html
* Remote Test URL:http://trial.rallydev.com/#/4267883534/custom/7831232507
Finished!
---[Mon Sep 10 22:31:23 PDT 2012]---
---[Mon Sep 10 22:31:23 PDT 2012]---
Building App...
> Created deploy/App.html
Deploying to Rally...
* Server:   http://trial.rallydev.com
* Username: dthomas@rallydev.com
* Project:  Team Plugh
> Uploaded code to 'RallyTimer' page
> Created App-local.html
* Local Test File: App-local.html
* Remote Test URL:http://trial.rallydev.com/#/4267883534/custom/7831232507
Finished!
---[Mon Sep 10 22:31:39 PDT 2012]---
---[Mon Sep 10 22:34:28 PDT 2012]---
---[Mon Sep 10 22:34:52 PDT 2012]---
---[Mon Sep 10 22:35:31 PDT 2012]---
---[Mon Sep 10 22:36:35 PDT 2012]---
---[Mon Sep 10 22:37:05 PDT 2012]---
---[Mon Sep 10 22:37:29 PDT 2012]---
---[Mon Sep 10 22:37:59 PDT 2012]---
---[Mon Sep 10 22:38:26 PDT 2012]---
---[Mon Sep 10 22:38:27 PDT 2012]---
Building App...
> Created deploy/App.html
Deploying to Rally...
* Server:   http://trial.rallydev.com
* Username: dthomas@rallydev.com
* Project:  Team Plugh
> Uploaded code to 'RallyTimer' page
> Created App-local.html
* Local Test File: App-local.html
* Remote Test URL:http://trial.rallydev.com/#/4267883534/custom/7831232507
Finished!
---[Mon Sep 10 22:39:05 PDT 2012]---
---[Mon Sep 10 22:39:05 PDT 2012]---
Building App...
> Created deploy/App.html
Deploying to Rally...
* Server:   http://trial.rallydev.com
* Username: dthomas@rallydev.com
* Project:  Team Plugh
> Uploaded code to 'RallyTimer' page
> Created App-local.html
* Local Test File: App-local.html
* Remote Test URL:http://trial.rallydev.com/#/4267883534/custom/7831232507
Finished!
---[Mon Sep 10 22:39:39 PDT 2012]---
---[Mon Sep 10 22:39:48 PDT 2012]---
Building App...
> Created deploy/App.html
Deploying to Rally...
* Server:   http://trial.rallydev.com
* Username: dthomas@rallydev.com
* Project:  Team Plugh
> Uploaded code to 'RallyTimer' page
> Created App-local.html
* Local Test File: App-local.html
* Remote Test URL:http://trial.rallydev.com/#/4267883534/custom/7831232507
Finished!
---[Mon Sep 10 22:40:09 PDT 2012]---
Building App...
> Created deploy/App.html
Deploying to Rally...
* Server:   http://trial.rallydev.com
* Username: dthomas@rallydev.com
* Project:  Team Plugh
> Uploaded code to 'RallyTimer' page
> Created App-local.html
* Local Test File: App-local.html
* Remote Test URL:http://trial.rallydev.com/#/4267883534/custom/7831232507
Finished!
---[Mon Sep 10 22:41:19 PDT 2012]---
---[Mon Sep 10 22:41:19 PDT 2012]---
Building App...
> Created deploy/App.html
Deploying to Rally...
* Server:   http://trial.rallydev.com
* Username: dthomas@rallydev.com
* Project:  Team Plugh
> Uploaded code to 'RallyTimer' page
> Created App-local.html
* Local Test File: App-local.html
* Remote Test URL:http://trial.rallydev.com/#/4267883534/custom/7831232507
Finished!
---[Mon Sep 10 22:42:26 PDT 2012]---
---[Mon Sep 10 22:42:26 PDT 2012]---
Building App...
> Created deploy/App.html
Deploying to Rally...
* Server:   http://trial.rallydev.com
* Username: dthomas@rallydev.com
* Project:  Team Plugh
> Uploaded code to 'RallyTimer' page
> Created App-local.html
* Local Test File: App-local.html
* Remote Test URL:http://trial.rallydev.com/#/4267883534/custom/7831232507
Finished!
---[Mon Sep 10 22:43:44 PDT 2012]---
---[Tue Sep 11 09:37:20 PDT 2012]---
---[Tue Sep 11 09:37:21 PDT 2012]---
Building App...
> Created deploy/App.html
Deploying to Rally...
* Server:   http://trial.rallydev.com
* Username: dthomas@rallydev.com
* Project:  Team Plugh
> Uploaded code to 'RallyTimer' page
> Created App-local.html
* Local Test File: App-local.html
* Remote Test URL:http://trial.rallydev.com/#/4267883534/custom/7831232507
Finished!
---[Tue Sep 11 09:42:08 PDT 2012]---
---[Tue Sep 11 09:42:40 PDT 2012]---
---[Tue Sep 11 09:44:20 PDT 2012]---
Building App...
> Created deploy/App.html
Deploying to Rally...
* Server:   http://trial.rallydev.com
* Username: dthomas@rallydev.com
* Project:  Team Plugh
> Uploaded code to 'RallyTimer' page
> Created App-local.html
* Local Test File: App-local.html
* Remote Test URL:http://trial.rallydev.com/#/4267883534/custom/7831232507
Finished!
---[Tue Sep 11 09:47:38 PDT 2012]---
Building App...
> Created deploy/App.html
Deploying to Rally...
* Server:   http://trial.rallydev.com
* Username: dthomas@rallydev.com
* Project:  Team Plugh
> Uploaded code to 'RallyTimer' page
> Created App-local.html
* Local Test File: App-local.html
* Remote Test URL:http://trial.rallydev.com/#/4267883534/custom/7831232507
Finished!
---[Tue Sep 11 09:48:31 PDT 2012]---
Building App...
> Created deploy/App.html
Deploying to Rally...
* Server:   http://trial.rallydev.com
* Username: dthomas@rallydev.com
* Project:  Team Plugh
> Uploaded code to 'RallyTimer' page
> Created App-local.html
* Local Test File: App-local.html
* Remote Test URL:http://trial.rallydev.com/#/4267883534/custom/7831232507
Finished!
---[Tue Sep 11 09:48:47 PDT 2012]---
Building App...
> Created deploy/App.html
Deploying to Rally...
* Server:   http://trial.rallydev.com
* Username: dthomas@rallydev.com
* Project:  Team Plugh
> Uploaded code to 'RallyTimer' page
> Created App-local.html
* Local Test File: App-local.html
* Remote Test URL:http://trial.rallydev.com/#/4267883534/custom/7831232507
Finished!
---[Tue Sep 11 09:48:52 PDT 2012]---
Building App...
> Created deploy/App.html
Deploying to Rally...
* Server:   http://trial.rallydev.com
* Username: dthomas@rallydev.com
* Project:  Team Plugh
> Uploaded code to 'RallyTimer' page
> Created App-local.html
* Local Test File: App-local.html
* Remote Test URL:http://trial.rallydev.com/#/4267883534/custom/7831232507
Finished!
---[Tue Sep 11 09:49:31 PDT 2012]---
Building App...
> Created deploy/App.html
Deploying to Rally...
* Server:   http://trial.rallydev.com
* Username: dthomas@rallydev.com
* Project:  Team Plugh
> Uploaded code to 'RallyTimer' page
> Created App-local.html
* Local Test File: App-local.html
* Remote Test URL:http://trial.rallydev.com/#/4267883534/custom/7831232507
Finished!
---[Tue Sep 11 09:49:56 PDT 2012]---
Building App...
> Created deploy/App.html
Deploying to Rally...
* Server:   http://trial.rallydev.com
* Username: dthomas@rallydev.com
* Project:  Team Plugh
> Uploaded code to 'RallyTimer' page
> Created App-local.html
* Local Test File: App-local.html
* Remote Test URL:http://trial.rallydev.com/#/4267883534/custom/7831232507
Finished!
---[Tue Sep 11 09:50:30 PDT 2012]---
---[Tue Sep 11 09:50:37 PDT 2012]---
Building App...
> Created deploy/App.html
Deploying to Rally...
* Server:   http://trial.rallydev.com
* Username: dthomas@rallydev.com
* Project:  Team Plugh
> Uploaded code to 'RallyTimer' page
> Created App-local.html
* Local Test File: App-local.html
* Remote Test URL:http://trial.rallydev.com/#/4267883534/custom/7831232507
Finished!
---[Tue Sep 11 09:51:13 PDT 2012]---
Building App...
> Created deploy/App.html
Deploying to Rally...
* Server:   http://trial.rallydev.com
* Username: dthomas@rallydev.com
* Project:  Team Plugh
> Uploaded code to 'RallyTimer' page
> Created App-local.html
* Local Test File: App-local.html
* Remote Test URL:http://trial.rallydev.com/#/4267883534/custom/7831232507
Finished!
---[Tue Sep 11 09:52:29 PDT 2012]---
Building App...
> Created deploy/App.html
Deploying to Rally...
* Server:   http://trial.rallydev.com
* Username: dthomas@rallydev.com
* Project:  Team Plugh
> Uploaded code to 'RallyTimer' page
> Created App-local.html
* Local Test File: App-local.html
* Remote Test URL:http://trial.rallydev.com/#/4267883534/custom/7831232507
Finished!
---[Tue Sep 11 09:53:07 PDT 2012]---
Building App...
> Created deploy/App.html
Deploying to Rally...
* Server:   http://trial.rallydev.com
* Username: dthomas@rallydev.com
* Project:  Team Plugh
> Uploaded code to 'RallyTimer' page
> Created App-local.html
* Local Test File: App-local.html
* Remote Test URL:http://trial.rallydev.com/#/4267883534/custom/7831232507
Finished!
---[Tue Sep 11 09:53:52 PDT 2012]---
Building App...
> Created deploy/App.html
Deploying to Rally...
* Server:   http://trial.rallydev.com
* Username: dthomas@rallydev.com
* Project:  Team Plugh
> Uploaded code to 'RallyTimer' page
> Created App-local.html
* Local Test File: App-local.html
* Remote Test URL:http://trial.rallydev.com/#/4267883534/custom/7831232507
Finished!
---[Tue Sep 11 09:55:22 PDT 2012]---
Building App...
> Created deploy/App.html
Deploying to Rally...
* Server:   http://trial.rallydev.com
* Username: dthomas@rallydev.com
* Project:  Team Plugh
> Uploaded code to 'RallyTimer' page
> Created App-local.html
* Local Test File: App-local.html
* Remote Test URL:http://trial.rallydev.com/#/4267883534/custom/7831232507
Finished!
---[Tue Sep 11 09:55:27 PDT 2012]---
Building App...
> Created deploy/App.html
Deploying to Rally...
* Server:   http://trial.rallydev.com
* Username: dthomas@rallydev.com
* Project:  Team Plugh
> Uploaded code to 'RallyTimer' page
> Created App-local.html
* Local Test File: App-local.html
* Remote Test URL:http://trial.rallydev.com/#/4267883534/custom/7831232507
Finished!
---[Tue Sep 11 09:56:56 PDT 2012]---
Building App...
> Created deploy/App.html
Deploying to Rally...
* Server:   http://trial.rallydev.com
* Username: dthomas@rallydev.com
* Project:  Team Plugh
> Uploaded code to 'RallyTimer' page
> Created App-local.html
* Local Test File: App-local.html
* Remote Test URL:http://trial.rallydev.com/#/4267883534/custom/7831232507
Finished!
---[Tue Sep 11 09:57:18 PDT 2012]---
Building App...
> Created deploy/App.html
Deploying to Rally...
* Server:   http://trial.rallydev.com
* Username: dthomas@rallydev.com
* Project:  Team Plugh
> Uploaded code to 'RallyTimer' page
> Created App-local.html
* Local Test File: App-local.html
* Remote Test URL:http://trial.rallydev.com/#/4267883534/custom/7831232507
Finished!
---[Tue Sep 11 09:57:36 PDT 2012]---
Building App...
> Created deploy/App.html
Deploying to Rally...
* Server:   http://trial.rallydev.com
* Username: dthomas@rallydev.com
* Project:  Team Plugh
> Uploaded code to 'RallyTimer' page
> Created App-local.html
* Local Test File: App-local.html
* Remote Test URL:http://trial.rallydev.com/#/4267883534/custom/7831232507
Finished!
---[Tue Sep 11 09:57:51 PDT 2012]---
Building App...
> Created deploy/App.html
Deploying to Rally...
* Server:   http://trial.rallydev.com
* Username: dthomas@rallydev.com
* Project:  Team Plugh
> Uploaded code to 'RallyTimer' page
> Created App-local.html
* Local Test File: App-local.html
* Remote Test URL:http://trial.rallydev.com/#/4267883534/custom/7831232507
Finished!
---[Tue Sep 11 10:05:53 PDT 2012]---
---[Tue Sep 11 10:05:56 PDT 2012]---
Building App...
> Created deploy/App.html
Deploying to Rally...
* Server:   http://trial.rallydev.com
* Username: dthomas@rallydev.com
* Project:  Team Plugh
> Uploaded code to 'RallyTimer' page
> Created App-local.html
* Local Test File: App-local.html
* Remote Test URL:http://trial.rallydev.com/#/4267883534/custom/7831232507
Finished!
---[Tue Sep 11 10:06:56 PDT 2012]---
---[Tue Sep 11 10:06:56 PDT 2012]---
Building App...
> Created deploy/App.html
Deploying to Rally...
* Server:   http://trial.rallydev.com
* Username: dthomas@rallydev.com
* Project:  Team Plugh
> Uploaded code to 'RallyTimer' page
> Created App-local.html
* Local Test File: App-local.html
* Remote Test URL:http://trial.rallydev.com/#/4267883534/custom/7831232507
Finished!
---[Tue Sep 11 10:07:43 PDT 2012]---
---[Tue Sep 11 10:07:43 PDT 2012]---
Building App...
> Created deploy/App.html
Deploying to Rally...
* Server:   http://trial.rallydev.com
* Username: dthomas@rallydev.com
* Project:  Team Plugh
> Uploaded code to 'RallyTimer' page
> Created App-local.html
* Local Test File: App-local.html
* Remote Test URL:http://trial.rallydev.com/#/4267883534/custom/7831232507
Finished!
---[Tue Sep 11 10:09:23 PDT 2012]---
Building App...
> Created deploy/App.html
Deploying to Rally...
* Server:   http://trial.rallydev.com
* Username: dthomas@rallydev.com
* Project:  Team Plugh
> Uploaded code to 'RallyTimer' page
> Created App-local.html
* Local Test File: App-local.html
* Remote Test URL:http://trial.rallydev.com/#/4267883534/custom/7831232507
Finished!
---[Tue Sep 11 10:09:41 PDT 2012]---
---[Tue Sep 11 10:09:44 PDT 2012]---
Building App...
> Created deploy/App.html
Deploying to Rally...
* Server:   http://trial.rallydev.com
* Username: dthomas@rallydev.com
* Project:  Team Plugh
> Uploaded code to 'RallyTimer' page
> Created App-local.html
* Local Test File: App-local.html
* Remote Test URL:http://trial.rallydev.com/#/4267883534/custom/7831232507
Finished!
---[Tue Sep 11 10:10:13 PDT 2012]---
Building App...
> Created deploy/App.html
Deploying to Rally...
* Server:   http://trial.rallydev.com
* Username: dthomas@rallydev.com
* Project:  Team Plugh
> Uploaded code to 'RallyTimer' page
> Created App-local.html
* Local Test File: App-local.html
* Remote Test URL:http://trial.rallydev.com/#/4267883534/custom/7831232507
Finished!
---[Tue Sep 11 10:10:41 PDT 2012]---
---[Tue Sep 11 10:10:43 PDT 2012]---
Building App...
> Created deploy/App.html
Deploying to Rally...
* Server:   http://trial.rallydev.com
* Username: dthomas@rallydev.com
* Project:  Team Plugh
> Uploaded code to 'RallyTimer' page
> Created App-local.html
* Local Test File: App-local.html
* Remote Test URL:http://trial.rallydev.com/#/4267883534/custom/7831232507
Finished!
---[Tue Sep 11 10:11:32 PDT 2012]---
Building App...
> Created deploy/App.html
Deploying to Rally...
* Server:   http://trial.rallydev.com
* Username: dthomas@rallydev.com
* Project:  Team Plugh
> Uploaded code to 'RallyTimer' page
> Created App-local.html
* Local Test File: App-local.html
* Remote Test URL:http://trial.rallydev.com/#/4267883534/custom/7831232507
Finished!
---[Tue Sep 11 10:11:50 PDT 2012]---
Building App...
> Created deploy/App.html
Deploying to Rally...
* Server:   http://trial.rallydev.com
* Username: dthomas@rallydev.com
* Project:  Team Plugh
> Uploaded code to 'RallyTimer' page
> Created App-local.html
* Local Test File: App-local.html
* Remote Test URL:http://trial.rallydev.com/#/4267883534/custom/7831232507
Finished!
---[Tue Sep 11 10:12:11 PDT 2012]---
---[Tue Sep 11 10:13:29 PDT 2012]---
Building App...
> Created deploy/App.html
Deploying to Rally...
* Server:   http://trial.rallydev.com
* Username: dthomas@rallydev.com
* Project:  Team Plugh
> Uploaded code to 'RallyTimer' page
> Created App-local.html
* Local Test File: App-local.html
* Remote Test URL:http://trial.rallydev.com/#/4267883534/custom/7831232507
Finished!
---[Tue Sep 11 10:47:56 PDT 2012]---
Building App...
> Created deploy/App.html
Deploying to Rally...
* Server:   http://trial.rallydev.com
* Username: dthomas@rallydev.com
* Project:  Team Plugh
> Uploaded code to 'RallyTimer' page
> Created App-local.html
* Local Test File: App-local.html
* Remote Test URL:http://trial.rallydev.com/#/4267883534/custom/7831232507
Finished!
---[Tue Sep 11 10:49:08 PDT 2012]---
Building App...
> Created deploy/App.html
Deploying to Rally...
* Server:   http://trial.rallydev.com
* Username: dthomas@rallydev.com
* Project:  Team Plugh
> Uploaded code to 'RallyTimer' page
> Created App-local.html
* Local Test File: App-local.html
* Remote Test URL:http://trial.rallydev.com/#/4267883534/custom/7831232507
Finished!
---[Tue Sep 11 10:51:21 PDT 2012]---
Building App...
> Created deploy/App.html
Deploying to Rally...
* Server:   http://trial.rallydev.com
* Username: dthomas@rallydev.com
* Project:  Team Plugh
> Uploaded code to 'RallyTimer' page
> Created App-local.html
* Local Test File: App-local.html
* Remote Test URL:http://trial.rallydev.com/#/4267883534/custom/7831232507
Finished!
---[Tue Sep 11 10:53:37 PDT 2012]---
Building App...
> Created deploy/App.html
Deploying to Rally...
* Server:   http://trial.rallydev.com
* Username: dthomas@rallydev.com
* Project:  Team Plugh
> Uploaded code to 'RallyTimer' page
> Created App-local.html
* Local Test File: App-local.html
* Remote Test URL:http://trial.rallydev.com/#/4267883534/custom/7831232507
Finished!
---[Tue Sep 11 10:54:06 PDT 2012]---
Building App...
> Created deploy/App.html
Deploying to Rally...
* Server:   http://trial.rallydev.com
* Username: dthomas@rallydev.com
* Project:  Team Plugh
> Uploaded code to 'RallyTimer' page
> Created App-local.html
* Local Test File: App-local.html
* Remote Test URL:http://trial.rallydev.com/#/4267883534/custom/7831232507
Finished!
---[Tue Sep 11 10:54:35 PDT 2012]---
Building App...
> Created deploy/App.html
Deploying to Rally...
* Server:   http://trial.rallydev.com
* Username: dthomas@rallydev.com
* Project:  Team Plugh
> Uploaded code to 'RallyTimer' page
> Created App-local.html
* Local Test File: App-local.html
* Remote Test URL:http://trial.rallydev.com/#/4267883534/custom/7831232507
Finished!
---[Tue Sep 11 10:55:05 PDT 2012]---
Building App...
> Created deploy/App.html
Deploying to Rally...
* Server:   http://trial.rallydev.com
* Username: dthomas@rallydev.com
* Project:  Team Plugh
> Uploaded code to 'RallyTimer' page
> Created App-local.html
* Local Test File: App-local.html
* Remote Test URL:http://trial.rallydev.com/#/4267883534/custom/7831232507
Finished!
---[Tue Sep 11 10:55:24 PDT 2012]---
Building App...
> Created deploy/App.html
Deploying to Rally...
* Server:   http://trial.rallydev.com
* Username: dthomas@rallydev.com
* Project:  Team Plugh
> Uploaded code to 'RallyTimer' page
> Created App-local.html
* Local Test File: App-local.html
* Remote Test URL:http://trial.rallydev.com/#/4267883534/custom/7831232507
Finished!
---[Tue Sep 11 10:56:17 PDT 2012]---
Building App...
> Created deploy/App.html
Deploying to Rally...
* Server:   http://trial.rallydev.com
* Username: dthomas@rallydev.com
* Project:  Team Plugh
> Uploaded code to 'RallyTimer' page
> Created App-local.html
* Local Test File: App-local.html
* Remote Test URL:http://trial.rallydev.com/#/4267883534/custom/7831232507
Finished!
---[Tue Sep 11 10:57:30 PDT 2012]---
Building App...
> Created deploy/App.html
Deploying to Rally...
* Server:   http://trial.rallydev.com
* Username: dthomas@rallydev.com
* Project:  Team Plugh
> Uploaded code to 'RallyTimer' page
> Created App-local.html
* Local Test File: App-local.html
* Remote Test URL:http://trial.rallydev.com/#/4267883534/custom/7831232507
Finished!
---[Tue Sep 11 10:58:50 PDT 2012]---
Building App...
> Created deploy/App.html
Deploying to Rally...
* Server:   http://trial.rallydev.com
* Username: dthomas@rallydev.com
* Project:  Team Plugh
> Uploaded code to 'RallyTimer' page
> Created App-local.html
* Local Test File: App-local.html
* Remote Test URL:http://trial.rallydev.com/#/4267883534/custom/7831232507
Finished!
---[Tue Sep 11 10:59:22 PDT 2012]---
Building App...
> Created deploy/App.html
Deploying to Rally...
* Server:   http://trial.rallydev.com
* Username: dthomas@rallydev.com
* Project:  Team Plugh
> Uploaded code to 'RallyTimer' page
> Created App-local.html
* Local Test File: App-local.html
* Remote Test URL:http://trial.rallydev.com/#/4267883534/custom/7831232507
Finished!
---[Tue Sep 11 11:11:49 PDT 2012]---
Building App...
> Created deploy/App.html
Deploying to Rally...
* Server:   http://trial.rallydev.com
* Username: dthomas@rallydev.com
* Project:  Team Plugh
> Uploaded code to 'RallyTimer' page
> Created App-local.html
* Local Test File: App-local.html
* Remote Test URL:http://trial.rallydev.com/#/4267883534/custom/7831232507
Finished!
---[Tue Sep 11 11:11:54 PDT 2012]---
Building App...
> Created deploy/App.html
Deploying to Rally...
* Server:   http://trial.rallydev.com
* Username: dthomas@rallydev.com
* Project:  Team Plugh
> Uploaded code to 'RallyTimer' page
> Created App-local.html
* Local Test File: App-local.html
* Remote Test URL:http://trial.rallydev.com/#/4267883534/custom/7831232507
Finished!
---[Tue Sep 11 11:12:33 PDT 2012]---
Building App...
> Created deploy/App.html
Deploying to Rally...
* Server:   http://trial.rallydev.com
* Username: dthomas@rallydev.com
* Project:  Team Plugh
> Uploaded code to 'RallyTimer' page
> Created App-local.html
* Local Test File: App-local.html
* Remote Test URL:http://trial.rallydev.com/#/4267883534/custom/7831232507
Finished!
---[Tue Sep 11 11:13:04 PDT 2012]---
Building App...
> Created deploy/App.html
Deploying to Rally...
* Server:   http://trial.rallydev.com
* Username: dthomas@rallydev.com
* Project:  Team Plugh
> Uploaded code to 'RallyTimer' page
> Created App-local.html
* Local Test File: App-local.html
* Remote Test URL:http://trial.rallydev.com/#/4267883534/custom/7831232507
Finished!
---[Tue Sep 11 11:13:19 PDT 2012]---
Building App...
> Created deploy/App.html
Deploying to Rally...
* Server:   http://trial.rallydev.com
* Username: dthomas@rallydev.com
* Project:  Team Plugh
> Uploaded code to 'RallyTimer' page
> Created App-local.html
* Local Test File: App-local.html
* Remote Test URL:http://trial.rallydev.com/#/4267883534/custom/7831232507
Finished!
---[Tue Sep 11 11:15:36 PDT 2012]---
Building App...
> Created deploy/App.html
Deploying to Rally...
* Server:   http://trial.rallydev.com
* Username: dthomas@rallydev.com
* Project:  Team Plugh
> Uploaded code to 'RallyTimer' page
> Created App-local.html
* Local Test File: App-local.html
* Remote Test URL:http://trial.rallydev.com/#/4267883534/custom/7831232507
Finished!
---[Tue Sep 11 11:16:16 PDT 2012]---
Building App...
> Created deploy/App.html
Deploying to Rally...
* Server:   http://trial.rallydev.com
* Username: dthomas@rallydev.com
* Project:  Team Plugh
> Uploaded code to 'RallyTimer' page
> Created App-local.html
* Local Test File: App-local.html
* Remote Test URL:http://trial.rallydev.com/#/4267883534/custom/7831232507
Finished!
---[Tue Sep 11 11:18:55 PDT 2012]---
Building App...
> Created deploy/App.html
Deploying to Rally...
* Server:   http://trial.rallydev.com
* Username: dthomas@rallydev.com
* Project:  Team Plugh
> Uploaded code to 'RallyTimer' page
> Created App-local.html
* Local Test File: App-local.html
* Remote Test URL:http://trial.rallydev.com/#/4267883534/custom/7831232507
Finished!
---[Tue Sep 11 11:19:41 PDT 2012]---
Building App...
> Created deploy/App.html
Deploying to Rally...
* Server:   http://trial.rallydev.com
* Username: dthomas@rallydev.com
* Project:  Team Plugh
> Uploaded code to 'RallyTimer' page
> Created App-local.html
* Local Test File: App-local.html
* Remote Test URL:http://trial.rallydev.com/#/4267883534/custom/7831232507
Finished!
---[Tue Sep 11 11:20:51 PDT 2012]---
Building App...
> Created deploy/App.html
Deploying to Rally...
* Server:   http://trial.rallydev.com
* Username: dthomas@rallydev.com
* Project:  Team Plugh
> Uploaded code to 'RallyTimer' page
> Created App-local.html
* Local Test File: App-local.html
* Remote Test URL:http://trial.rallydev.com/#/4267883534/custom/7831232507
Finished!
---[Tue Sep 11 11:22:04 PDT 2012]---
Building App...
> Created deploy/App.html
Deploying to Rally...
* Server:   http://trial.rallydev.com
* Username: dthomas@rallydev.com
* Project:  Team Plugh
> Uploaded code to 'RallyTimer' page
> Created App-local.html
* Local Test File: App-local.html
* Remote Test URL:http://trial.rallydev.com/#/4267883534/custom/7831232507
Finished!
---[Tue Sep 11 11:25:12 PDT 2012]---
Building App...
> Created deploy/App.html
Deploying to Rally...
* Server:   http://trial.rallydev.com
* Username: dthomas@rallydev.com
* Project:  Team Plugh
> Uploaded code to 'RallyTimer' page
> Created App-local.html
* Local Test File: App-local.html
* Remote Test URL:http://trial.rallydev.com/#/4267883534/custom/7831232507
Finished!
---[Tue Sep 11 11:26:21 PDT 2012]---
Building App...
> Created deploy/App.html
Deploying to Rally...
* Server:   http://trial.rallydev.com
* Username: dthomas@rallydev.com
* Project:  Team Plugh
> Uploaded code to 'RallyTimer' page
> Created App-local.html
* Local Test File: App-local.html
* Remote Test URL:http://trial.rallydev.com/#/4267883534/custom/7831232507
Finished!
---[Tue Sep 11 11:27:34 PDT 2012]---
Building App...
> Created deploy/App.html
Deploying to Rally...
* Server:   http://trial.rallydev.com
* Username: dthomas@rallydev.com
* Project:  Team Plugh
> Uploaded code to 'RallyTimer' page
> Created App-local.html
* Local Test File: App-local.html
* Remote Test URL:http://trial.rallydev.com/#/4267883534/custom/7831232507
Finished!
---[Tue Sep 11 15:11:02 PDT 2012]---
---[Tue Sep 11 15:11:02 PDT 2012]---
Building App...
> Created deploy/App.html
Deploying to Rally...
* Server:   http://trial.rallydev.com
* Username: dthomas@rallydev.com
* Project:  Team Plugh
> Uploaded code to 'RallyTimer' page
> Created App-local.html
* Local Test File: App-local.html
* Remote Test URL:http://trial.rallydev.com/#/4267883534/custom/7831232507
Finished!
---[Tue Sep 11 15:11:12 PDT 2012]---
---[Tue Sep 11 15:11:14 PDT 2012]---
Building App...
> Created deploy/App.html
Deploying to Rally...
* Server:   http://trial.rallydev.com
* Username: dthomas@rallydev.com
* Project:  Team Plugh
> Uploaded code to 'RallyTimer' page
> Created App-local.html
* Local Test File: App-local.html
* Remote Test URL:http://trial.rallydev.com/#/4267883534/custom/7831232507
Finished!
---[Tue Sep 11 15:25:03 PDT 2012]---
---[Tue Sep 11 15:25:03 PDT 2012]---
Building App...
> Created deploy/App.html
Deploying to Rally...
* Server:   http://trial.rallydev.com
* Username: dthomas@rallydev.com
* Project:  Team Plugh
> Uploaded code to 'RallyTimer' page
> Created App-local.html
* Local Test File: App-local.html
* Remote Test URL:http://trial.rallydev.com/#/4267883534/custom/7831232507
Finished!
---[Wed Sep 12 22:48:49 PDT 2012]---
---[Wed Sep 12 22:49:14 PDT 2012]---
Building App...
> Created deploy/App.html
Deploying to Rally...
* Server:   http://trial.rallydev.com
* Username: dthomas@rallydev.com
* Project:  Team Plugh
> Uploaded code to 'RallyTimer' page
> Created App-local.html
* Local Test File: App-local.html
* Remote Test URL:http://trial.rallydev.com/#/4267883534/custom/7831232507
Finished!
---[Wed Sep 12 22:49:41 PDT 2012]---
Building App...
> Created deploy/App.html
Deploying to Rally...
* Server:   http://trial.rallydev.com
* Username: dthomas@rallydev.com
* Project:  Team Plugh
> Uploaded code to 'RallyTimer' page
> Created App-local.html
* Local Test File: App-local.html
* Remote Test URL:http://trial.rallydev.com/#/4267883534/custom/7831232507
Finished!
---[Wed Sep 12 22:50:11 PDT 2012]---
---[Wed Sep 12 22:50:12 PDT 2012]---
Building App...
> Created deploy/App.html
Deploying to Rally...
* Server:   http://trial.rallydev.com
* Username: dthomas@rallydev.com
* Project:  Team Plugh
> Uploaded code to 'RallyTimer' page
> Created App-local.html
* Local Test File: App-local.html
* Remote Test URL:http://trial.rallydev.com/#/4267883534/custom/7831232507
Finished!
---[Wed Sep 12 22:50:36 PDT 2012]---
---[Wed Sep 12 22:51:20 PDT 2012]---
---[Wed Sep 12 22:51:22 PDT 2012]---
Building App...
> Created deploy/App.html
Deploying to Rally...
* Server:   http://trial.rallydev.com
* Username: dthomas@rallydev.com
* Project:  Team Plugh
> Uploaded code to 'RallyTimer' page
> Created App-local.html
* Local Test File: App-local.html
* Remote Test URL:http://trial.rallydev.com/#/4267883534/custom/7831232507
Finished!
---[Wed Sep 12 23:01:22 PDT 2012]---
---[Wed Sep 12 23:01:22 PDT 2012]---
Building App...
> Created deploy/App.html
Deploying to Rally...
* Server:   http://trial.rallydev.com
* Username: dthomas@rallydev.com
* Project:  Team Plugh
> Uploaded code to 'RallyTimer' page
> Created App-local.html
* Local Test File: App-local.html
* Remote Test URL:http://trial.rallydev.com/#/4267883534/custom/7831232507
Finished!
---[Wed Sep 12 23:05:51 PDT 2012]---
---[Wed Sep 12 23:05:51 PDT 2012]---
Building App...
> Created deploy/App.html
Deploying to Rally...
* Server:   http://trial.rallydev.com
* Username: dthomas@rallydev.com
* Project:  Team Plugh
> Uploaded code to 'RallyTimer' page
> Created App-local.html
* Local Test File: App-local.html
* Remote Test URL:http://trial.rallydev.com/#/4267883534/custom/7831232507
Finished!
---[Wed Sep 12 23:07:16 PDT 2012]---
---[Wed Sep 12 23:07:17 PDT 2012]---
Building App...
> Created deploy/App.html
Deploying to Rally...
* Server:   http://trial.rallydev.com
* Username: dthomas@rallydev.com
* Project:  Team Plugh
> Uploaded code to 'RallyTimer' page
> Created App-local.html
* Local Test File: App-local.html
* Remote Test URL:http://trial.rallydev.com/#/4267883534/custom/7831232507
Finished!
---[Wed Sep 12 23:21:10 PDT 2012]---
---[Wed Sep 12 23:21:26 PDT 2012]---
---[Wed Sep 12 23:21:26 PDT 2012]---
Building App...
> Created deploy/App.html
Deploying to Rally...
* Server:   http://trial.rallydev.com
* Username: dthomas@rallydev.com
* Project:  Team Plugh
> Uploaded code to 'RallyTimer' page
> Created App-local.html
* Local Test File: App-local.html
* Remote Test URL:http://trial.rallydev.com/#/4267883534/custom/7831232507
Finished!
---[Thu Sep 13 21:47:09 PDT 2012]---
---[Thu Sep 13 21:47:43 PDT 2012]---
---[Thu Sep 13 21:47:44 PDT 2012]---
Building App...
> Created deploy/App.html
Deploying to Rally...
* Server:   http://trial.rallydev.com
* Username: dthomas@rallydev.com
* Project:  Team Plugh
> Uploaded code to 'RallyTimer' page
> Created App-local.html
* Local Test File: App-local.html
* Remote Test URL:http://trial.rallydev.com/#/4267883534/custom/7831232507
Finished!
---[Thu Sep 13 21:48:30 PDT 2012]---
---[Thu Sep 13 21:49:23 PDT 2012]---
---[Thu Sep 13 21:49:26 PDT 2012]---
---[Thu Sep 13 21:50:11 PDT 2012]---
---[Thu Sep 13 21:50:11 PDT 2012]---
Building App...
> Created deploy/App.html
Deploying to Rally...
* Server:   http://trial.rallydev.com
* Username: dthomas@rallydev.com
* Project:  Team Plugh
> Uploaded code to 'RallyTimer' page
> Created App-local.html
* Local Test File: App-local.html
* Remote Test URL:http://trial.rallydev.com/#/4267883534/custom/7831232507
Finished!
---[Thu Sep 13 21:52:48 PDT 2012]---
---[Thu Sep 13 21:53:00 PDT 2012]---
---[Thu Sep 13 21:53:01 PDT 2012]---
Building App...
> Created deploy/App.html
Deploying to Rally...
* Server:   http://trial.rallydev.com
* Username: dthomas@rallydev.com
* Project:  Team Plugh
> Uploaded code to 'RallyTimer' page
> Created App-local.html
* Local Test File: App-local.html
* Remote Test URL:http://trial.rallydev.com/#/4267883534/custom/7831232507
Finished!
---[Thu Sep 13 21:53:30 PDT 2012]---
---[Thu Sep 13 21:53:30 PDT 2012]---
Building App...
> Created deploy/App.html
Deploying to Rally...
* Server:   http://trial.rallydev.com
* Username: dthomas@rallydev.com
* Project:  Team Plugh
> Uploaded code to 'RallyTimer' page
> Created App-local.html
* Local Test File: App-local.html
* Remote Test URL:http://trial.rallydev.com/#/4267883534/custom/7831232507
Finished!
---[Thu Sep 13 21:54:04 PDT 2012]---
---[Thu Sep 13 21:54:04 PDT 2012]---
Building App...
> Created deploy/App.html
Deploying to Rally...
* Server:   http://trial.rallydev.com
* Username: dthomas@rallydev.com
* Project:  Team Plugh
> Uploaded code to 'RallyTimer' page
> Created App-local.html
* Local Test File: App-local.html
* Remote Test URL:http://trial.rallydev.com/#/4267883534/custom/7831232507
Finished!
---[Thu Sep 13 21:54:43 PDT 2012]---
---[Thu Sep 13 21:54:44 PDT 2012]---
---[Thu Sep 13 21:54:48 PDT 2012]---
---[Thu Sep 13 21:54:48 PDT 2012]---
Building App...
> Created deploy/App.html
Deploying to Rally...
* Server:   http://trial.rallydev.com
* Username: dthomas@rallydev.com
* Project:  Team Plugh
> Uploaded code to 'RallyTimer' page
> Created App-local.html
* Local Test File: App-local.html
* Remote Test URL:http://trial.rallydev.com/#/4267883534/custom/7831232507
Finished!
---[Thu Sep 13 21:55:41 PDT 2012]---
---[Thu Sep 13 21:55:41 PDT 2012]---
Building App...
> Created deploy/App.html
Deploying to Rally...
* Server:   http://trial.rallydev.com
* Username: dthomas@rallydev.com
* Project:  Team Plugh
> Uploaded code to 'RallyTimer' page
> Created App-local.html
* Local Test File: App-local.html
* Remote Test URL:http://trial.rallydev.com/#/4267883534/custom/7831232507
Finished!
---[Thu Sep 13 21:56:20 PDT 2012]---
---[Thu Sep 13 21:56:21 PDT 2012]---
Building App...
> Created deploy/App.html
Deploying to Rally...
* Server:   http://trial.rallydev.com
* Username: dthomas@rallydev.com
* Project:  Team Plugh
> Uploaded code to 'RallyTimer' page
> Created App-local.html
* Local Test File: App-local.html
* Remote Test URL:http://trial.rallydev.com/#/4267883534/custom/7831232507
Finished!
---[Thu Sep 13 21:58:03 PDT 2012]---
---[Thu Sep 13 21:58:03 PDT 2012]---
Building App...
> Created deploy/App.html
Deploying to Rally...
* Server:   http://trial.rallydev.com
* Username: dthomas@rallydev.com
* Project:  Team Plugh
> Uploaded code to 'RallyTimer' page
> Created App-local.html
* Local Test File: App-local.html
* Remote Test URL:http://trial.rallydev.com/#/4267883534/custom/7831232507
Finished!
---[Thu Sep 13 21:59:07 PDT 2012]---
---[Thu Sep 13 21:59:29 PDT 2012]---
---[Thu Sep 13 22:01:15 PDT 2012]---
---[Thu Sep 13 22:06:16 PDT 2012]---
---[Thu Sep 13 22:06:40 PDT 2012]---
---[Thu Sep 13 22:08:27 PDT 2012]---
---[Thu Sep 13 22:09:28 PDT 2012]---
---[Thu Sep 13 22:10:04 PDT 2012]---
---[Thu Sep 13 22:10:05 PDT 2012]---
Building App...
> Created deploy/App.html
Deploying to Rally...
* Server:   http://trial.rallydev.com
* Username: dthomas@rallydev.com
* Project:  Team Plugh
> Uploaded code to 'RallyTimer' page
> Created App-local.html
* Local Test File: App-local.html
* Remote Test URL:http://trial.rallydev.com/#/4267883534/custom/7831232507
Finished!
---[Thu Sep 13 22:10:45 PDT 2012]---
---[Thu Sep 13 22:10:50 PDT 2012]---
---[Thu Sep 13 22:11:05 PDT 2012]---
---[Thu Sep 13 22:11:05 PDT 2012]---
Building App...
> Created deploy/App.html
Deploying to Rally...
* Server:   http://trial.rallydev.com
* Username: dthomas@rallydev.com
* Project:  Team Plugh
> Uploaded code to 'RallyTimer' page
> Created App-local.html
* Local Test File: App-local.html
* Remote Test URL:http://trial.rallydev.com/#/4267883534/custom/7831232507
Finished!
---[Thu Sep 13 22:12:12 PDT 2012]---
---[Thu Sep 13 22:12:16 PDT 2012]---
---[Thu Sep 13 22:12:17 PDT 2012]---
Building App...
> Created deploy/App.html
Deploying to Rally...
* Server:   http://trial.rallydev.com
* Username: dthomas@rallydev.com
* Project:  Team Plugh
> Uploaded code to 'RallyTimer' page
> Created App-local.html
* Local Test File: App-local.html
* Remote Test URL:http://trial.rallydev.com/#/4267883534/custom/7831232507
Finished!
---[Thu Sep 13 22:13:04 PDT 2012]---
---[Thu Sep 13 22:13:04 PDT 2012]---
Building App...
> Created deploy/App.html
Deploying to Rally...
* Server:   http://trial.rallydev.com
* Username: dthomas@rallydev.com
* Project:  Team Plugh
> Uploaded code to 'RallyTimer' page
> Created App-local.html
* Local Test File: App-local.html
* Remote Test URL:http://trial.rallydev.com/#/4267883534/custom/7831232507
Finished!
---[Thu Sep 13 22:13:55 PDT 2012]---
---[Thu Sep 13 22:14:03 PDT 2012]---
---[Thu Sep 13 22:14:03 PDT 2012]---
Building App...
> Created deploy/App.html
Deploying to Rally...
* Server:   http://trial.rallydev.com
* Username: dthomas@rallydev.com
* Project:  Team Plugh
> Uploaded code to 'RallyTimer' page
> Created App-local.html
* Local Test File: App-local.html
* Remote Test URL:http://trial.rallydev.com/#/4267883534/custom/7831232507
Finished!
---[Thu Sep 13 22:14:41 PDT 2012]---
---[Thu Sep 13 22:14:47 PDT 2012]---
---[Thu Sep 13 22:14:47 PDT 2012]---
Building App...
> Created deploy/App.html
Deploying to Rally...
* Server:   http://trial.rallydev.com
* Username: dthomas@rallydev.com
* Project:  Team Plugh
> Uploaded code to 'RallyTimer' page
> Created App-local.html
* Local Test File: App-local.html
* Remote Test URL:http://trial.rallydev.com/#/4267883534/custom/7831232507
Finished!
---[Thu Sep 13 22:14:55 PDT 2012]---
---[Thu Sep 13 22:14:56 PDT 2012]---
Building App...
> Created deploy/App.html
Deploying to Rally...
* Server:   http://trial.rallydev.com
* Username: dthomas@rallydev.com
* Project:  Team Plugh
> Uploaded code to 'RallyTimer' page
> Created App-local.html
* Local Test File: App-local.html
* Remote Test URL:http://trial.rallydev.com/#/4267883534/custom/7831232507
Finished!
---[Thu Sep 13 22:15:36 PDT 2012]---
---[Thu Sep 13 22:16:06 PDT 2012]---
---[Thu Sep 13 22:16:06 PDT 2012]---
Building App...
> Created deploy/App.html
Deploying to Rally...
* Server:   http://trial.rallydev.com
* Username: dthomas@rallydev.com
* Project:  Team Plugh
> Uploaded code to 'RallyTimer' page
> Created App-local.html
* Local Test File: App-local.html
* Remote Test URL:http://trial.rallydev.com/#/4267883534/custom/7831232507
Finished!
---[Thu Sep 13 22:19:02 PDT 2012]---
---[Thu Sep 13 22:19:31 PDT 2012]---
---[Thu Sep 13 22:19:32 PDT 2012]---
Building App...
> Created deploy/App.html
Deploying to Rally...
* Server:   http://trial.rallydev.com
* Username: dthomas@rallydev.com
* Project:  Team Plugh
> Uploaded code to 'RallyTimer' page
> Created App-local.html
* Local Test File: App-local.html
* Remote Test URL:http://trial.rallydev.com/#/4267883534/custom/7831232507
Finished!
---[Thu Sep 13 22:20:08 PDT 2012]---
---[Thu Sep 13 22:20:09 PDT 2012]---
Building App...
> Created deploy/App.html
Deploying to Rally...
* Server:   http://trial.rallydev.com
* Username: dthomas@rallydev.com
* Project:  Team Plugh
> Uploaded code to 'RallyTimer' page
> Created App-local.html
* Local Test File: App-local.html
* Remote Test URL:http://trial.rallydev.com/#/4267883534/custom/7831232507
Finished!
---[Thu Sep 13 22:21:39 PDT 2012]---
---[Thu Sep 13 22:21:41 PDT 2012]---
---[Thu Sep 13 22:21:41 PDT 2012]---
Building App...
> Created deploy/App.html
Deploying to Rally...
* Server:   http://trial.rallydev.com
* Username: dthomas@rallydev.com
* Project:  Team Plugh
> Uploaded code to 'RallyTimer' page
> Created App-local.html
* Local Test File: App-local.html
* Remote Test URL:http://trial.rallydev.com/#/4267883534/custom/7831232507
Finished!
---[Thu Sep 13 22:28:48 PDT 2012]---
---[Thu Sep 13 22:29:00 PDT 2012]---
---[Thu Sep 13 22:29:01 PDT 2012]---
Building App...
> Created deploy/App.html
Deploying to Rally...
* Server:   http://trial.rallydev.com
* Username: dthomas@rallydev.com
* Project:  Team Plugh
> Uploaded code to 'RallyTimer' page
> Created App-local.html
* Local Test File: App-local.html
* Remote Test URL:http://trial.rallydev.com/#/4267883534/custom/7831232507
Finished!
---[Thu Sep 13 22:29:05 PDT 2012]---
---[Thu Sep 13 22:34:03 PDT 2012]---
---[Thu Sep 13 22:34:07 PDT 2012]---
Building App...
> Created deploy/App.html
Deploying to Rally...
* Server:   http://trial.rallydev.com
* Username: dthomas@rallydev.com
* Project:  Team Plugh
> Uploaded code to 'RallyTimer' page
> Created App-local.html
* Local Test File: App-local.html
* Remote Test URL:http://trial.rallydev.com/#/4267883534/custom/7831232507
Finished!
---[Thu Sep 13 22:35:52 PDT 2012]---
---[Thu Sep 13 22:36:13 PDT 2012]---
---[Thu Sep 13 22:36:14 PDT 2012]---
Building App...
> Created deploy/App.html
Deploying to Rally...
* Server:   http://trial.rallydev.com
* Username: dthomas@rallydev.com
* Project:  Team Plugh
> Uploaded code to 'RallyTimer' page
> Created App-local.html
* Local Test File: App-local.html
* Remote Test URL:http://trial.rallydev.com/#/4267883534/custom/7831232507
Finished!
---[Thu Sep 13 22:36:58 PDT 2012]---
---[Thu Sep 13 22:36:58 PDT 2012]---
Building App...
> Created deploy/App.html
Deploying to Rally...
* Server:   http://trial.rallydev.com
* Username: dthomas@rallydev.com
* Project:  Team Plugh
> Uploaded code to 'RallyTimer' page
> Created App-local.html
* Local Test File: App-local.html
* Remote Test URL:http://trial.rallydev.com/#/4267883534/custom/7831232507
Finished!
---[Thu Sep 13 22:37:48 PDT 2012]---
---[Thu Sep 13 22:40:00 PDT 2012]---
---[Thu Sep 13 22:40:00 PDT 2012]---
Building App...
> Created deploy/App.html
Deploying to Rally...
* Server:   http://trial.rallydev.com
* Username: dthomas@rallydev.com
* Project:  Team Plugh
> Uploaded code to 'RallyTimer' page
> Created App-local.html
* Local Test File: App-local.html
* Remote Test URL:http://trial.rallydev.com/#/4267883534/custom/7831232507
Finished!
---[Thu Sep 13 22:40:34 PDT 2012]---
---[Fri Sep 14 14:28:41 PDT 2012]---
---[Fri Sep 14 14:29:03 PDT 2012]---
---[Fri Sep 14 15:45:28 PDT 2012]---
---[Fri Sep 14 15:45:39 PDT 2012]---
---[Fri Sep 14 15:45:39 PDT 2012]---
Building App...
> Created deploy/App.html
Deploying to Rally...
* Server:   http://trial.rallydev.com
* Username: dthomas@rallydev.com
* Project:  Team Plugh
> Uploaded code to 'RallyTimer' page
> Created App-local.html
* Local Test File: App-local.html
* Remote Test URL:http://trial.rallydev.com/#/4267883534/custom/7831232507
Finished!
---[Fri Sep 14 15:47:58 PDT 2012]---
---[Fri Sep 14 15:49:17 PDT 2012]---
---[Fri Sep 14 15:50:17 PDT 2012]---
---[Fri Sep 14 15:50:22 PDT 2012]---
Building App...
> Created deploy/App.html
Deploying to Rally...
* Server:   http://trial.rallydev.com
* Username: dthomas@rallydev.com
* Project:  Team Plugh
> Uploaded code to 'RallyTimer' page
> Created App-local.html
* Local Test File: App-local.html
* Remote Test URL:http://trial.rallydev.com/#/4267883534/custom/7831232507
Finished!
---[Fri Sep 14 16:07:20 PDT 2012]---
---[Fri Sep 14 16:07:20 PDT 2012]---
Building App...
> Created deploy/App.html
Deploying to Rally...
* Server:   http://trial.rallydev.com
* Username: dthomas@rallydev.com
* Project:  Team Plugh
> Uploaded code to 'RallyTimer' page
> Created App-local.html
* Local Test File: App-local.html
* Remote Test URL:http://trial.rallydev.com/#/4267883534/custom/7831232507
Finished!
---[Fri Sep 14 16:43:27 PDT 2012]---
Building App...
> Created deploy/App.html
Deploying to Rally...
* Server:   http://trial.rallydev.com
* Username: dthomas@rallydev.com
* Project:  Team Plugh
> Uploaded code to 'RallyTimer' page
> Created App-local.html
* Local Test File: App-local.html
* Remote Test URL:http://trial.rallydev.com/#/4267883534/custom/7831232507
Finished!
---[Fri Sep 14 16:43:42 PDT 2012]---
Building App...
> Created deploy/App.html
Deploying to Rally...
* Server:   http://trial.rallydev.com
* Username: dthomas@rallydev.com
* Project:  Team Plugh
> Uploaded code to 'RallyTimer' page
> Created App-local.html
* Local Test File: App-local.html
* Remote Test URL:http://trial.rallydev.com/#/4267883534/custom/7831232507
Finished!
---[Fri Sep 14 16:43:59 PDT 2012]---
Building App...
> Created deploy/App.html
Deploying to Rally...
* Server:   http://trial.rallydev.com
* Username: dthomas@rallydev.com
* Project:  Team Plugh
> Uploaded code to 'RallyTimer' page
> Created App-local.html
* Local Test File: App-local.html
* Remote Test URL:http://trial.rallydev.com/#/4267883534/custom/7831232507
Finished!
---[Fri Sep 14 16:44:34 PDT 2012]---
Building App...
> Created deploy/App.html
Deploying to Rally...
* Server:   http://trial.rallydev.com
* Username: dthomas@rallydev.com
* Project:  Team Plugh
> Uploaded code to 'RallyTimer' page
> Created App-local.html
* Local Test File: App-local.html
* Remote Test URL:http://trial.rallydev.com/#/4267883534/custom/7831232507
Finished!
---[Fri Sep 14 16:45:14 PDT 2012]---
Building App...
> Created deploy/App.html
Deploying to Rally...
* Server:   http://trial.rallydev.com
* Username: dthomas@rallydev.com
* Project:  Team Plugh
> Uploaded code to 'RallyTimer' page
> Created App-local.html
* Local Test File: App-local.html
* Remote Test URL:http://trial.rallydev.com/#/4267883534/custom/7831232507
Finished!
---[Fri Sep 14 16:46:38 PDT 2012]---
---[Fri Sep 14 16:46:38 PDT 2012]---
Building App...
> Created deploy/App.html
Deploying to Rally...
* Server:   http://trial.rallydev.com
* Username: dthomas@rallydev.com
* Project:  Team Plugh
> Uploaded code to 'RallyTimer' page
> Created App-local.html
* Local Test File: App-local.html
* Remote Test URL:http://trial.rallydev.com/#/4267883534/custom/7831232507
Finished!
---[Fri Sep 14 16:48:37 PDT 2012]---
---[Fri Sep 14 16:49:03 PDT 2012]---
---[Fri Sep 14 16:50:11 PDT 2012]---
---[Fri Sep 14 16:50:11 PDT 2012]---
Building App...
> Created deploy/App.html
Deploying to Rally...
* Server:   http://trial.rallydev.com
* Username: dthomas@rallydev.com
* Project:  Team Plugh
> Uploaded code to 'RallyTimer' page
> Created App-local.html
* Local Test File: App-local.html
* Remote Test URL:http://trial.rallydev.com/#/4267883534/custom/7831232507
Finished!
---[Fri Sep 14 16:50:22 PDT 2012]---
---[Fri Sep 14 16:50:55 PDT 2012]---
---[Fri Sep 14 16:50:59 PDT 2012]---
Building App...
> Created deploy/App.html
Deploying to Rally...
* Server:   http://trial.rallydev.com
* Username: dthomas@rallydev.com
* Project:  Team Plugh
> Uploaded code to 'RallyTimer' page
> Created App-local.html
* Local Test File: App-local.html
* Remote Test URL:http://trial.rallydev.com/#/4267883534/custom/7831232507
Finished!
---[Fri Sep 14 16:52:03 PDT 2012]---
---[Fri Sep 14 16:52:18 PDT 2012]---
---[Fri Sep 14 16:52:30 PDT 2012]---
---[Fri Sep 14 16:52:30 PDT 2012]---
Building App...
> Created deploy/App.html
Deploying to Rally...
* Server:   http://trial.rallydev.com
* Username: dthomas@rallydev.com
* Project:  Team Plugh
> Uploaded code to 'RallyTimer' page
> Created App-local.html
* Local Test File: App-local.html
* Remote Test URL:http://trial.rallydev.com/#/4267883534/custom/7831232507
Finished!
---[Fri Sep 14 16:54:42 PDT 2012]---
---[Fri Sep 14 16:56:50 PDT 2012]---
---[Fri Sep 14 16:56:50 PDT 2012]---
Building App...
> Created deploy/App.html
Deploying to Rally...
* Server:   http://trial.rallydev.com
* Username: dthomas@rallydev.com
* Project:  Team Plugh
> Uploaded code to 'RallyTimer' page
> Created App-local.html
* Local Test File: App-local.html
* Remote Test URL:http://trial.rallydev.com/#/4267883534/custom/7831232507
Finished!
---[Fri Sep 14 16:57:07 PDT 2012]---
---[Fri Sep 14 16:57:22 PDT 2012]---
---[Fri Sep 14 16:57:23 PDT 2012]---
Building App...
> Created deploy/App.html
Deploying to Rally...
* Server:   http://trial.rallydev.com
* Username: dthomas@rallydev.com
* Project:  Team Plugh
> Uploaded code to 'RallyTimer' page
> Created App-local.html
* Local Test File: App-local.html
* Remote Test URL:http://trial.rallydev.com/#/4267883534/custom/7831232507
Finished!
---[Fri Sep 14 16:58:47 PDT 2012]---
---[Fri Sep 14 17:03:18 PDT 2012]---
---[Fri Sep 14 17:03:45 PDT 2012]---
---[Fri Sep 14 17:03:49 PDT 2012]---
Building App...
> Created deploy/App.html
Deploying to Rally...
* Server:   http://trial.rallydev.com
* Username: dthomas@rallydev.com
* Project:  Team Plugh
> Uploaded code to 'RallyTimer' page
> Created App-local.html
* Local Test File: App-local.html
* Remote Test URL:http://trial.rallydev.com/#/4267883534/custom/7831232507
Finished!
---[Fri Sep 14 17:04:14 PDT 2012]---
---[Fri Sep 14 17:04:18 PDT 2012]---
Building App...
> Created deploy/App.html
Deploying to Rally...
* Server:   http://trial.rallydev.com
* Username: dthomas@rallydev.com
* Project:  Team Plugh
> Uploaded code to 'RallyTimer' page
> Created App-local.html
* Local Test File: App-local.html
* Remote Test URL:http://trial.rallydev.com/#/4267883534/custom/7831232507
Finished!
---[Fri Sep 14 17:06:00 PDT 2012]---
---[Fri Sep 14 17:06:01 PDT 2012]---
Building App...
> Created deploy/App.html
Deploying to Rally...
* Server:   http://trial.rallydev.com
* Username: dthomas@rallydev.com
* Project:  Team Plugh
> Uploaded code to 'RallyTimer' page
> Created App-local.html
* Local Test File: App-local.html
* Remote Test URL:http://trial.rallydev.com/#/4267883534/custom/7831232507
Finished!
---[Fri Sep 14 17:06:12 PDT 2012]---
---[Fri Sep 14 17:06:13 PDT 2012]---
Building App...
> Created deploy/App.html
Deploying to Rally...
* Server:   http://trial.rallydev.com
* Username: dthomas@rallydev.com
* Project:  Team Plugh
> Uploaded code to 'RallyTimer' page
> Created App-local.html
* Local Test File: App-local.html
* Remote Test URL:http://trial.rallydev.com/#/4267883534/custom/7831232507
Finished!
---[Fri Sep 14 17:07:21 PDT 2012]---
---[Fri Sep 14 17:07:28 PDT 2012]---
---[Fri Sep 14 17:07:28 PDT 2012]---
Building App...
> Created deploy/App.html
Deploying to Rally...
* Server:   http://trial.rallydev.com
* Username: dthomas@rallydev.com
* Project:  Team Plugh
> Uploaded code to 'RallyTimer' page
> Created App-local.html
* Local Test File: App-local.html
* Remote Test URL:http://trial.rallydev.com/#/4267883534/custom/7831232507
Finished!
---[Fri Sep 14 17:09:09 PDT 2012]---
---[Fri Sep 14 17:14:56 PDT 2012]---
---[Fri Sep 14 17:15:08 PDT 2012]---
Building App...
> Created deploy/App.html
Deploying to Rally...
* Server:   http://trial.rallydev.com
* Username: dthomas@rallydev.com
* Project:  Team Plugh
> Uploaded code to 'RallyTimer' page
> Created App-local.html
* Local Test File: App-local.html
* Remote Test URL:http://trial.rallydev.com/#/4267883534/custom/7831232507
Finished!
---[Fri Sep 14 17:21:34 PDT 2012]---
---[Fri Sep 14 17:21:34 PDT 2012]---
Building App...
> Created deploy/App.html
Deploying to Rally...
* Server:   http://trial.rallydev.com
* Username: dthomas@rallydev.com
* Project:  Team Plugh
> Uploaded code to 'RallyTimer' page
> Created App-local.html
* Local Test File: App-local.html
* Remote Test URL:http://trial.rallydev.com/#/4267883534/custom/7831232507
Finished!
---[Fri Sep 14 17:21:48 PDT 2012]---
---[Fri Sep 14 17:22:29 PDT 2012]---
---[Fri Sep 14 17:22:29 PDT 2012]---
Building App...
> Created deploy/App.html
Deploying to Rally...
* Server:   http://trial.rallydev.com
* Username: dthomas@rallydev.com
* Project:  Team Plugh
> Uploaded code to 'RallyTimer' page
> Created App-local.html
* Local Test File: App-local.html
* Remote Test URL:http://trial.rallydev.com/#/4267883534/custom/7831232507
Finished!
---[Fri Sep 14 17:23:29 PDT 2012]---
---[Fri Sep 14 17:23:29 PDT 2012]---
Building App...
> Created deploy/App.html
Deploying to Rally...
* Server:   http://trial.rallydev.com
* Username: dthomas@rallydev.com
* Project:  Team Plugh
> Uploaded code to 'RallyTimer' page
> Created App-local.html
* Local Test File: App-local.html
* Remote Test URL:http://trial.rallydev.com/#/4267883534/custom/7831232507
Finished!
---[Fri Sep 14 17:26:35 PDT 2012]---
---[Fri Sep 14 17:26:36 PDT 2012]---
Building App...
> Created deploy/App.html
Deploying to Rally...
* Server:   http://trial.rallydev.com
* Username: dthomas@rallydev.com
* Project:  Team Plugh
> Uploaded code to 'RallyTimer' page
> Created App-local.html
* Local Test File: App-local.html
* Remote Test URL:http://trial.rallydev.com/#/4267883534/custom/7831232507
Finished!
---[Fri Sep 14 17:27:27 PDT 2012]---
---[Fri Sep 14 17:27:59 PDT 2012]---
---[Fri Sep 14 17:28:47 PDT 2012]---
---[Fri Sep 14 17:28:52 PDT 2012]---
Building App...
> Created deploy/App.html
Deploying to Rally...
* Server:   http://trial.rallydev.com
* Username: dthomas@rallydev.com
* Project:  Team Plugh
> Uploaded code to 'RallyTimer' page
> Created App-local.html
* Local Test File: App-local.html
* Remote Test URL:http://trial.rallydev.com/#/4267883534/custom/7831232507
Finished!
---[Fri Sep 14 21:33:20 PDT 2012]---
Building App...
> Created deploy/App.html
Deploying to Rally...
* Server:   http://trial.rallydev.com
* Username: dthomas@rallydev.com
* Project:  Team Plugh
> Uploaded code to 'RallyTimer' page
> Created App-local.html
* Local Test File: App-local.html
* Remote Test URL:http://trial.rallydev.com/#/4267883534/custom/7831232507
Finished!
---[Fri Sep 14 22:04:56 PDT 2012]---
Building App...
> Created deploy/App.html
Deploying to Rally...
* Server:   http://trial.rallydev.com
* Username: dthomas@rallydev.com
* Project:  Team Plugh
> Uploaded code to 'RallyTimer' page
> Created App-local.html
* Local Test File: App-local.html
* Remote Test URL:http://trial.rallydev.com/#/4267883534/custom/7831232507
Finished!
---[Fri Sep 14 22:05:15 PDT 2012]---
Building App...
> Created deploy/App.html
Deploying to Rally...
* Server:   http://trial.rallydev.com
* Username: dthomas@rallydev.com
* Project:  Team Plugh
> Uploaded code to 'RallyTimer' page
> Created App-local.html
* Local Test File: App-local.html
* Remote Test URL:http://trial.rallydev.com/#/4267883534/custom/7831232507
Finished!
---[Fri Sep 14 22:05:57 PDT 2012]---
Building App...
> Created deploy/App.html
Deploying to Rally...
* Server:   http://trial.rallydev.com
* Username: dthomas@rallydev.com
* Project:  Team Plugh
> Uploaded code to 'RallyTimer' page
> Created App-local.html
* Local Test File: App-local.html
* Remote Test URL:http://trial.rallydev.com/#/4267883534/custom/7831232507
Finished!
---[Fri Sep 14 22:06:33 PDT 2012]---
Building App...
> Created deploy/App.html
Deploying to Rally...
* Server:   http://trial.rallydev.com
* Username: dthomas@rallydev.com
* Project:  Team Plugh
> Uploaded code to 'RallyTimer' page
> Created App-local.html
* Local Test File: App-local.html
* Remote Test URL:http://trial.rallydev.com/#/4267883534/custom/7831232507
Finished!
---[Fri Sep 14 22:07:21 PDT 2012]---
Building App...
> Created deploy/App.html
Deploying to Rally...
* Server:   http://trial.rallydev.com
* Username: dthomas@rallydev.com
* Project:  Team Plugh
> Uploaded code to 'RallyTimer' page
> Created App-local.html
* Local Test File: App-local.html
* Remote Test URL:http://trial.rallydev.com/#/4267883534/custom/7831232507
Finished!
---[Fri Sep 14 22:07:59 PDT 2012]---
Building App...
> Created deploy/App.html
Deploying to Rally...
* Server:   http://trial.rallydev.com
* Username: dthomas@rallydev.com
* Project:  Team Plugh
> Uploaded code to 'RallyTimer' page
> Created App-local.html
* Local Test File: App-local.html
* Remote Test URL:http://trial.rallydev.com/#/4267883534/custom/7831232507
Finished!
---[Fri Sep 14 22:08:43 PDT 2012]---
Building App...
> Created deploy/App.html
Deploying to Rally...
* Server:   http://trial.rallydev.com
* Username: dthomas@rallydev.com
* Project:  Team Plugh
> Uploaded code to 'RallyTimer' page
> Created App-local.html
* Local Test File: App-local.html
* Remote Test URL:http://trial.rallydev.com/#/4267883534/custom/7831232507
Finished!
---[Fri Sep 14 22:09:24 PDT 2012]---
---[Fri Sep 14 22:24:13 PDT 2012]---
Building App...
> Created deploy/App.html
Deploying to Rally...
* Server:   http://trial.rallydev.com
* Username: dthomas@rallydev.com
* Project:  Team Plugh
> Uploaded code to 'RallyTimer' page
> Created App-local.html
* Local Test File: App-local.html
* Remote Test URL:http://trial.rallydev.com/#/4267883534/custom/7831232507
Finished!
---[Fri Sep 14 22:25:18 PDT 2012]---
Building App...
> Created deploy/App.html
Deploying to Rally...
* Server:   http://trial.rallydev.com
* Username: dthomas@rallydev.com
* Project:  Team Plugh
> Uploaded code to 'RallyTimer' page
> Created App-local.html
* Local Test File: App-local.html
* Remote Test URL:http://trial.rallydev.com/#/4267883534/custom/7831232507
Finished!
---[Fri Sep 14 22:25:57 PDT 2012]---
Building App...
> Created deploy/App.html
Deploying to Rally...
* Server:   http://trial.rallydev.com
* Username: dthomas@rallydev.com
* Project:  Team Plugh
> Uploaded code to 'RallyTimer' page
> Created App-local.html
* Local Test File: App-local.html
* Remote Test URL:http://trial.rallydev.com/#/4267883534/custom/7831232507
Finished!
---[Fri Sep 14 22:27:16 PDT 2012]---
Building App...
> Created deploy/App.html
Deploying to Rally...
* Server:   http://trial.rallydev.com
* Username: dthomas@rallydev.com
* Project:  Team Plugh
> Uploaded code to 'RallyTimer' page
> Created App-local.html
* Local Test File: App-local.html
* Remote Test URL:http://trial.rallydev.com/#/4267883534/custom/7831232507
Finished!
---[Fri Sep 14 22:30:37 PDT 2012]---
---[Fri Sep 14 22:30:43 PDT 2012]---
---[Fri Sep 14 22:30:43 PDT 2012]---
Building App...
> Created deploy/App.html
Deploying to Rally...
* Server:   http://trial.rallydev.com
* Username: dthomas@rallydev.com
* Project:  Team Plugh
> Uploaded code to 'RallyTimer' page
> Created App-local.html
* Local Test File: App-local.html
* Remote Test URL:http://trial.rallydev.com/#/4267883534/custom/7831232507
Finished!
---[Fri Sep 14 22:32:03 PDT 2012]---
---[Fri Sep 14 22:32:03 PDT 2012]---
Building App...
> Created deploy/App.html
Deploying to Rally...
* Server:   http://trial.rallydev.com
* Username: dthomas@rallydev.com
* Project:  Team Plugh
> Uploaded code to 'RallyTimer' page
> Created App-local.html
* Local Test File: App-local.html
* Remote Test URL:http://trial.rallydev.com/#/4267883534/custom/7831232507
Finished!
---[Fri Sep 14 22:32:52 PDT 2012]---
---[Fri Sep 14 22:32:52 PDT 2012]---
Building App...
> Created deploy/App.html
Deploying to Rally...
* Server:   http://trial.rallydev.com
* Username: dthomas@rallydev.com
* Project:  Team Plugh
> Uploaded code to 'RallyTimer' page
> Created App-local.html
* Local Test File: App-local.html
* Remote Test URL:http://trial.rallydev.com/#/4267883534/custom/7831232507
Finished!
---[Fri Sep 14 22:33:41 PDT 2012]---
---[Fri Sep 14 22:33:41 PDT 2012]---
Building App...
> Created deploy/App.html
Deploying to Rally...
* Server:   http://trial.rallydev.com
* Username: dthomas@rallydev.com
* Project:  Team Plugh
> Uploaded code to 'RallyTimer' page
> Created App-local.html
* Local Test File: App-local.html
* Remote Test URL:http://trial.rallydev.com/#/4267883534/custom/7831232507
Finished!
---[Fri Sep 14 22:34:50 PDT 2012]---
---[Fri Sep 14 22:34:50 PDT 2012]---
Building App...
> Created deploy/App.html
Deploying to Rally...
* Server:   http://trial.rallydev.com
* Username: dthomas@rallydev.com
* Project:  Team Plugh
> Uploaded code to 'RallyTimer' page
> Created App-local.html
* Local Test File: App-local.html
* Remote Test URL:http://trial.rallydev.com/#/4267883534/custom/7831232507
Finished!
---[Fri Sep 14 22:35:18 PDT 2012]---
---[Fri Sep 14 22:35:18 PDT 2012]---
Building App...
> Created deploy/App.html
Deploying to Rally...
* Server:   http://trial.rallydev.com
* Username: dthomas@rallydev.com
* Project:  Team Plugh
> Uploaded code to 'RallyTimer' page
> Created App-local.html
* Local Test File: App-local.html
* Remote Test URL:http://trial.rallydev.com/#/4267883534/custom/7831232507
Finished!
---[Fri Sep 14 22:37:29 PDT 2012]---
---[Fri Sep 14 22:37:38 PDT 2012]---
---[Fri Sep 14 22:37:59 PDT 2012]---
---[Fri Sep 14 22:37:59 PDT 2012]---
Building App...
> Created deploy/App.html
Deploying to Rally...
* Server:   http://trial.rallydev.com
* Username: dthomas@rallydev.com
* Project:  Team Plugh
> Uploaded code to 'RallyTimer' page
> Created App-local.html
* Local Test File: App-local.html
* Remote Test URL:http://trial.rallydev.com/#/4267883534/custom/7831232507
Finished!
---[Fri Sep 14 22:39:08 PDT 2012]---
---[Fri Sep 14 22:39:08 PDT 2012]---
Building App...
> Created deploy/App.html
Deploying to Rally...
* Server:   http://trial.rallydev.com
* Username: dthomas@rallydev.com
* Project:  Team Plugh
> Uploaded code to 'RallyTimer' page
> Created App-local.html
* Local Test File: App-local.html
* Remote Test URL:http://trial.rallydev.com/#/4267883534/custom/7831232507
Finished!
---[Fri Sep 14 22:39:24 PDT 2012]---
---[Fri Sep 14 22:39:26 PDT 2012]---
---[Fri Sep 14 22:39:27 PDT 2012]---
Building App...
> Created deploy/App.html
Deploying to Rally...
* Server:   http://trial.rallydev.com
* Username: dthomas@rallydev.com
* Project:  Team Plugh
> Uploaded code to 'RallyTimer' page
> Created App-local.html
* Local Test File: App-local.html
* Remote Test URL:http://trial.rallydev.com/#/4267883534/custom/7831232507
Finished!
---[Fri Sep 14 22:40:34 PDT 2012]---
---[Fri Sep 14 22:40:34 PDT 2012]---
Building App...
> Created deploy/App.html
Deploying to Rally...
* Server:   http://trial.rallydev.com
* Username: dthomas@rallydev.com
* Project:  Team Plugh
> Uploaded code to 'RallyTimer' page
> Created App-local.html
* Local Test File: App-local.html
* Remote Test URL:http://trial.rallydev.com/#/4267883534/custom/7831232507
Finished!
---[Fri Sep 14 22:41:06 PDT 2012]---
---[Fri Sep 14 22:41:06 PDT 2012]---
Building App...
> Created deploy/App.html
Deploying to Rally...
* Server:   http://trial.rallydev.com
* Username: dthomas@rallydev.com
* Project:  Team Plugh
> Uploaded code to 'RallyTimer' page
> Created App-local.html
* Local Test File: App-local.html
* Remote Test URL:http://trial.rallydev.com/#/4267883534/custom/7831232507
Finished!
---[Fri Sep 14 22:41:28 PDT 2012]---
---[Fri Sep 14 22:42:52 PDT 2012]---
---[Fri Sep 14 22:42:52 PDT 2012]---
Building App...
> Created deploy/App.html
Deploying to Rally...
* Server:   http://trial.rallydev.com
* Username: dthomas@rallydev.com
* Project:  Team Plugh
> Uploaded code to 'RallyTimer' page
> Created App-local.html
* Local Test File: App-local.html
* Remote Test URL:http://trial.rallydev.com/#/4267883534/custom/7831232507
Finished!
---[Fri Sep 14 22:43:07 PDT 2012]---
---[Fri Sep 14 22:43:13 PDT 2012]---
Building App...
> Created deploy/App.html
Deploying to Rally...
* Server:   http://trial.rallydev.com
* Username: dthomas@rallydev.com
* Project:  Team Plugh
> Uploaded code to 'RallyTimer' page
> Created App-local.html
* Local Test File: App-local.html
* Remote Test URL:http://trial.rallydev.com/#/4267883534/custom/7831232507
Finished!
---[Fri Sep 14 22:44:14 PDT 2012]---
---[Fri Sep 14 22:44:14 PDT 2012]---
Building App...
> Created deploy/App.html
Deploying to Rally...
* Server:   http://trial.rallydev.com
* Username: dthomas@rallydev.com
* Project:  Team Plugh
> Uploaded code to 'RallyTimer' page
> Created App-local.html
* Local Test File: App-local.html
* Remote Test URL:http://trial.rallydev.com/#/4267883534/custom/7831232507
Finished!
---[Fri Sep 14 22:44:51 PDT 2012]---
---[Fri Sep 14 22:45:14 PDT 2012]---
---[Fri Sep 14 22:45:14 PDT 2012]---
Building App...
> Created deploy/App.html
Deploying to Rally...
* Server:   http://trial.rallydev.com
* Username: dthomas@rallydev.com
* Project:  Team Plugh
> Uploaded code to 'RallyTimer' page
> Created App-local.html
* Local Test File: App-local.html
* Remote Test URL:http://trial.rallydev.com/#/4267883534/custom/7831232507
Finished!
---[Fri Sep 14 22:47:06 PDT 2012]---
Building App...
> Created deploy/App.html
Deploying to Rally...
* Server:   http://trial.rallydev.com
* Username: dthomas@rallydev.com
* Project:  Team Plugh
> Uploaded code to 'RallyTimer' page
> Created App-local.html
* Local Test File: App-local.html
* Remote Test URL:http://trial.rallydev.com/#/4267883534/custom/7831232507
Finished!
---[Fri Sep 14 22:49:15 PDT 2012]---
---[Fri Sep 14 22:49:16 PDT 2012]---
Building App...
> Created deploy/App.html
Deploying to Rally...
* Server:   http://trial.rallydev.com
* Username: dthomas@rallydev.com
* Project:  Team Plugh
> Uploaded code to 'RallyTimer' page
> Created App-local.html
* Local Test File: App-local.html
* Remote Test URL:http://trial.rallydev.com/#/4267883534/custom/7831232507
Finished!
---[Fri Sep 14 22:49:48 PDT 2012]---
Building App...
> Created deploy/App.html
Deploying to Rally...
* Server:   http://trial.rallydev.com
* Username: dthomas@rallydev.com
* Project:  Team Plugh
> Uploaded code to 'RallyTimer' page
> Created App-local.html
* Local Test File: App-local.html
* Remote Test URL:http://trial.rallydev.com/#/4267883534/custom/7831232507
Finished!
---[Fri Sep 14 22:50:25 PDT 2012]---
---[Fri Sep 14 22:50:26 PDT 2012]---
Building App...
> Created deploy/App.html
Deploying to Rally...
* Server:   http://trial.rallydev.com
* Username: dthomas@rallydev.com
* Project:  Team Plugh
> Uploaded code to 'RallyTimer' page
> Created App-local.html
* Local Test File: App-local.html
* Remote Test URL:http://trial.rallydev.com/#/4267883534/custom/7831232507
Finished!
---[Fri Sep 14 22:50:40 PDT 2012]---
---[Fri Sep 14 22:50:42 PDT 2012]---
Building App...
> Created deploy/App.html
Deploying to Rally...
* Server:   http://trial.rallydev.com
* Username: dthomas@rallydev.com
* Project:  Team Plugh
> Uploaded code to 'RallyTimer' page
> Created App-local.html
* Local Test File: App-local.html
* Remote Test URL:http://trial.rallydev.com/#/4267883534/custom/7831232507
Finished!
---[Fri Sep 14 22:51:14 PDT 2012]---
---[Fri Sep 14 22:51:14 PDT 2012]---
Building App...
> Created deploy/App.html
Deploying to Rally...
* Server:   http://trial.rallydev.com
* Username: dthomas@rallydev.com
* Project:  Team Plugh
> Uploaded code to 'RallyTimer' page
> Created App-local.html
* Local Test File: App-local.html
* Remote Test URL:http://trial.rallydev.com/#/4267883534/custom/7831232507
Finished!
---[Fri Sep 14 22:52:25 PDT 2012]---
---[Fri Sep 14 22:52:25 PDT 2012]---
Building App...
> Created deploy/App.html
Deploying to Rally...
* Server:   http://trial.rallydev.com
* Username: dthomas@rallydev.com
* Project:  Team Plugh
> Uploaded code to 'RallyTimer' page
> Created App-local.html
* Local Test File: App-local.html
* Remote Test URL:http://trial.rallydev.com/#/4267883534/custom/7831232507
Finished!
---[Fri Sep 14 22:55:32 PDT 2012]---
---[Fri Sep 14 22:55:32 PDT 2012]---
Building App...
> Created deploy/App.html
Deploying to Rally...
* Server:   http://trial.rallydev.com
* Username: dthomas@rallydev.com
* Project:  Team Plugh
> Uploaded code to 'RallyTimer' page
> Created App-local.html
* Local Test File: App-local.html
* Remote Test URL:http://trial.rallydev.com/#/4267883534/custom/7831232507
Finished!
---[Sat Sep 15 11:04:00 PDT 2012]---
